#
# There is insufficient memory for the Java Runtime Environment to continue.
# Native memory allocation (mmap) failed to map 716177408 bytes for committing reserved memory.
# Possible reasons:
#   The system is out of physical RAM or swap space
#   The process is running with CompressedOops enabled, and the Java Heap may be blocking the growth of the native heap
# Possible solutions:
#   Reduce memory load on the system
#   Increase physical memory or swap space
#   Check if swap backing store is full
#   Decrease Java heap size (-Xmx/-Xms)
#   Decrease number of Java threads
#   Decrease Java thread stack sizes (-Xss)
#   Set larger code cache with -XX:ReservedCodeCacheSize=
# This output file may be truncated or incomplete.
#
#  Out of Memory Error (os_linux.cpp:2792), pid=18169, tid=0x00007fc49b694700
#
# JRE version:  (8.0_275-b01) (build )
# Java VM: OpenJDK 64-Bit Server VM (25.275-b01 mixed mode linux-amd64 compressed oops)
# Failed to write core dump. Core dumps have been disabled. To enable core dumping, try "ulimit -c unlimited" before starting Java again
#

---------------  T H R E A D  ---------------

Current thread (0x00007fc49400a800):  JavaThread "Unknown thread" [_thread_in_vm, id=18234, stack(0x00007fc49b295000,0x00007fc49b695000)]

Stack: [0x00007fc49b295000,0x00007fc49b695000],  sp=0x00007fc49b6935b0,  free space=4089k
Native frames: (J=compiled Java code, j=interpreted, Vv=VM code, C=native code)
V  [libjvm.so+0xb33c03]
V  [libjvm.so+0x4ec381]
V  [libjvm.so+0x97e8af]
V  [libjvm.so+0x9757d2]
V  [libjvm.so+0x9f20cb]
V  [libjvm.so+0x9e394c]
V  [libjvm.so+0x2cb97a]
V  [libjvm.so+0x9a453a]
V  [libjvm.so+0xaf650a]
V  [libjvm.so+0xaf6799]
V  [libjvm.so+0x641304]
V  [libjvm.so+0xad62f0]
V  [libjvm.so+0x726e33]  JNI_CreateJavaVM+0x63
C  [libjli.so+0x442a]
C  [libjli.so+0x8dc1]
C  [libpthread.so.0+0x9609]  start_thread+0xd9


---------------  P R O C E S S  ---------------

Java Threads: ( => current thread )

Other Threads:

=>0x00007fc49400a800 (exited) JavaThread "Unknown thread" [_thread_in_vm, id=18234, stack(0x00007fc49b295000,0x00007fc49b695000)]

VM state:not at safepoint (not fully initialized)

VM Mutex/Monitor currently owned by a thread: None

heap address: 0x00000000c0000000, size: 1024 MB, Compressed Oops mode: Non-zero based:0x00000000bffff000
Narrow klass base: 0x0000000000000000, Narrow klass shift: 0

GC Heap History (0 events):
No events

Deoptimization events (0 events):
No events

Classes redefined (0 events):
No events

Internal exceptions (0 events):
No events

Events (0 events):
No events


Dynamic libraries:
eab00000-100000000 rw-p 00000000 00:00 0 
5634dfa36000-5634dfa37000 r--p 00000000 08:10 54904                      /usr/lib/jvm/java-8-openjdk-amd64/jre/bin/java
5634dfa37000-5634dfa38000 r-xp 00001000 08:10 54904                      /usr/lib/jvm/java-8-openjdk-amd64/jre/bin/java
5634dfa38000-5634dfa39000 r--p 00002000 08:10 54904                      /usr/lib/jvm/java-8-openjdk-amd64/jre/bin/java
5634dfa39000-5634dfa3a000 r--p 00002000 08:10 54904                      /usr/lib/jvm/java-8-openjdk-amd64/jre/bin/java
5634dfa3a000-5634dfa3b000 rw-p 00003000 08:10 54904                      /usr/lib/jvm/java-8-openjdk-amd64/jre/bin/java
5634e01b7000-5634e01d8000 rw-p 00000000 00:00 0                          [heap]
7fc48c000000-7fc48c270000 rwxp 00000000 00:00 0 
7fc48c270000-7fc494000000 ---p 00000000 00:00 0 
7fc494000000-7fc494031000 rw-p 00000000 00:00 0 
7fc494031000-7fc498000000 ---p 00000000 00:00 0 
7fc49ae1e000-7fc49af73000 ---p 00000000 00:00 0 
7fc49af73000-7fc49b029000 rw-p 00000000 00:00 0 
7fc49b029000-7fc49b21f000 ---p 00000000 00:00 0 
7fc49b21f000-7fc49b222000 r--p 00000000 08:10 54950                      /usr/lib/jvm/java-8-openjdk-amd64/jre/lib/amd64/libzip.so
7fc49b222000-7fc49b227000 r-xp 00003000 08:10 54950                      /usr/lib/jvm/java-8-openjdk-amd64/jre/lib/amd64/libzip.so
7fc49b227000-7fc49b229000 r--p 00008000 08:10 54950                      /usr/lib/jvm/java-8-openjdk-amd64/jre/lib/amd64/libzip.so
7fc49b229000-7fc49b22a000 r--p 00009000 08:10 54950                      /usr/lib/jvm/java-8-openjdk-amd64/jre/lib/amd64/libzip.so
7fc49b22a000-7fc49b22b000 rw-p 0000a000 08:10 54950                      /usr/lib/jvm/java-8-openjdk-amd64/jre/lib/amd64/libzip.so
7fc49b22b000-7fc49b22e000 r--p 00000000 08:10 38584                      /usr/lib/x86_64-linux-gnu/libnss_files-2.31.so
7fc49b22e000-7fc49b235000 r-xp 00003000 08:10 38584                      /usr/lib/x86_64-linux-gnu/libnss_files-2.31.so
7fc49b235000-7fc49b237000 r--p 0000a000 08:10 38584                      /usr/lib/x86_64-linux-gnu/libnss_files-2.31.so
7fc49b237000-7fc49b238000 r--p 0000b000 08:10 38584                      /usr/lib/x86_64-linux-gnu/libnss_files-2.31.so
7fc49b238000-7fc49b239000 rw-p 0000c000 08:10 38584                      /usr/lib/x86_64-linux-gnu/libnss_files-2.31.so
7fc49b239000-7fc49b23f000 rw-p 00000000 00:00 0 
7fc49b23f000-7fc49b247000 rw-s 00000000 08:10 294286                     /tmp/hsperfdata_melissawhite/18169
7fc49b247000-7fc49b254000 r--p 00000000 08:10 54931                      /usr/lib/jvm/java-8-openjdk-amd64/jre/lib/amd64/libjava.so
7fc49b254000-7fc49b26c000 r-xp 0000d000 08:10 54931                      /usr/lib/jvm/java-8-openjdk-amd64/jre/lib/amd64/libjava.so
7fc49b26c000-7fc49b273000 r--p 00025000 08:10 54931                      /usr/lib/jvm/java-8-openjdk-amd64/jre/lib/amd64/libjava.so
7fc49b273000-7fc49b274000 r--p 0002b000 08:10 54931                      /usr/lib/jvm/java-8-openjdk-amd64/jre/lib/amd64/libjava.so
7fc49b274000-7fc49b276000 rw-p 0002c000 08:10 54931                      /usr/lib/jvm/java-8-openjdk-amd64/jre/lib/amd64/libjava.so
7fc49b276000-7fc49b27b000 r--p 00000000 08:10 54949                      /usr/lib/jvm/java-8-openjdk-amd64/jre/lib/amd64/libverify.so
7fc49b27b000-7fc49b284000 r-xp 00005000 08:10 54949                      /usr/lib/jvm/java-8-openjdk-amd64/jre/lib/amd64/libverify.so
7fc49b284000-7fc49b286000 r--p 0000e000 08:10 54949                      /usr/lib/jvm/java-8-openjdk-amd64/jre/lib/amd64/libverify.so
7fc49b286000-7fc49b288000 r--p 0000f000 08:10 54949                      /usr/lib/jvm/java-8-openjdk-amd64/jre/lib/amd64/libverify.so
7fc49b288000-7fc49b289000 rw-p 00011000 08:10 54949                      /usr/lib/jvm/java-8-openjdk-amd64/jre/lib/amd64/libverify.so
7fc49b289000-7fc49b28c000 r--p 00000000 08:10 39527                      /usr/lib/x86_64-linux-gnu/librt-2.31.so
7fc49b28c000-7fc49b290000 r-xp 00003000 08:10 39527                      /usr/lib/x86_64-linux-gnu/librt-2.31.so
7fc49b290000-7fc49b291000 r--p 00007000 08:10 39527                      /usr/lib/x86_64-linux-gnu/librt-2.31.so
7fc49b291000-7fc49b292000 ---p 00008000 08:10 39527                      /usr/lib/x86_64-linux-gnu/librt-2.31.so
7fc49b292000-7fc49b293000 r--p 00008000 08:10 39527                      /usr/lib/x86_64-linux-gnu/librt-2.31.so
7fc49b293000-7fc49b294000 rw-p 00009000 08:10 39527                      /usr/lib/x86_64-linux-gnu/librt-2.31.so
7fc49b294000-7fc49b295000 ---p 00000000 00:00 0 
7fc49b295000-7fc49b298000 ---p 00000000 00:00 0 
7fc49b298000-7fc49b695000 rw-p 00000000 00:00 0 
7fc49b695000-7fc49b698000 r--p 00000000 08:10 15734                      /usr/lib/x86_64-linux-gnu/libgcc_s.so.1
7fc49b698000-7fc49b6aa000 r-xp 00003000 08:10 15734                      /usr/lib/x86_64-linux-gnu/libgcc_s.so.1
7fc49b6aa000-7fc49b6ae000 r--p 00015000 08:10 15734                      /usr/lib/x86_64-linux-gnu/libgcc_s.so.1
7fc49b6ae000-7fc49b6af000 r--p 00018000 08:10 15734                      /usr/lib/x86_64-linux-gnu/libgcc_s.so.1
7fc49b6af000-7fc49b6b0000 rw-p 00019000 08:10 15734                      /usr/lib/x86_64-linux-gnu/libgcc_s.so.1
7fc49b6b0000-7fc49b6bf000 r--p 00000000 08:10 37421                      /usr/lib/x86_64-linux-gnu/libm-2.31.so
7fc49b6bf000-7fc49b766000 r-xp 0000f000 08:10 37421                      /usr/lib/x86_64-linux-gnu/libm-2.31.so
7fc49b766000-7fc49b7fd000 r--p 000b6000 08:10 37421                      /usr/lib/x86_64-linux-gnu/libm-2.31.so
7fc49b7fd000-7fc49b7fe000 r--p 0014c000 08:10 37421                      /usr/lib/x86_64-linux-gnu/libm-2.31.so
7fc49b7fe000-7fc49b7ff000 rw-p 0014d000 08:10 37421                      /usr/lib/x86_64-linux-gnu/libm-2.31.so
7fc49b7ff000-7fc49b895000 r--p 00000000 08:10 16289                      /usr/lib/x86_64-linux-gnu/libstdc++.so.6.0.28
7fc49b895000-7fc49b985000 r-xp 00096000 08:10 16289                      /usr/lib/x86_64-linux-gnu/libstdc++.so.6.0.28
7fc49b985000-7fc49b9ce000 r--p 00186000 08:10 16289                      /usr/lib/x86_64-linux-gnu/libstdc++.so.6.0.28
7fc49b9ce000-7fc49b9cf000 ---p 001cf000 08:10 16289                      /usr/lib/x86_64-linux-gnu/libstdc++.so.6.0.28
7fc49b9cf000-7fc49b9da000 r--p 001cf000 08:10 16289                      /usr/lib/x86_64-linux-gnu/libstdc++.so.6.0.28
7fc49b9da000-7fc49b9dd000 rw-p 001da000 08:10 16289                      /usr/lib/x86_64-linux-gnu/libstdc++.so.6.0.28
7fc49b9dd000-7fc49b9e0000 rw-p 00000000 00:00 0 
7fc49b9e0000-7fc49bbd5000 r--p 00000000 08:10 54953                      /usr/lib/jvm/java-8-openjdk-amd64/jre/lib/amd64/server/libjvm.so
7fc49bbd5000-7fc49c53b000 r-xp 001f5000 08:10 54953                      /usr/lib/jvm/java-8-openjdk-amd64/jre/lib/amd64/server/libjvm.so
7fc49c53b000-7fc49c6ec000 r--p 00b5b000 08:10 54953                      /usr/lib/jvm/java-8-openjdk-amd64/jre/lib/amd64/server/libjvm.so
7fc49c6ec000-7fc49c782000 r--p 00d0b000 08:10 54953                      /usr/lib/jvm/java-8-openjdk-amd64/jre/lib/amd64/server/libjvm.so
7fc49c782000-7fc49c7ab000 rw-p 00da1000 08:10 54953                      /usr/lib/jvm/java-8-openjdk-amd64/jre/lib/amd64/server/libjvm.so
7fc49c7ab000-7fc49c7e0000 rw-p 00000000 00:00 0 
7fc49c7e0000-7fc49c7e7000 r--p 00000000 08:10 38589                      /usr/lib/x86_64-linux-gnu/libpthread-2.31.so
7fc49c7e7000-7fc49c7f8000 r-xp 00007000 08:10 38589                      /usr/lib/x86_64-linux-gnu/libpthread-2.31.so
7fc49c7f8000-7fc49c7fd000 r--p 00018000 08:10 38589                      /usr/lib/x86_64-linux-gnu/libpthread-2.31.so
7fc49c7fd000-7fc49c7fe000 r--p 0001c000 08:10 38589                      /usr/lib/x86_64-linux-gnu/libpthread-2.31.so
7fc49c7fe000-7fc49c7ff000 rw-p 0001d000 08:10 38589                      /usr/lib/x86_64-linux-gnu/libpthread-2.31.so
7fc49c7ff000-7fc49c803000 rw-p 00000000 00:00 0 
7fc49c803000-7fc49c804000 r--p 00000000 08:10 37420                      /usr/lib/x86_64-linux-gnu/libdl-2.31.so
7fc49c804000-7fc49c806000 r-xp 00001000 08:10 37420                      /usr/lib/x86_64-linux-gnu/libdl-2.31.so
7fc49c806000-7fc49c807000 r--p 00003000 08:10 37420                      /usr/lib/x86_64-linux-gnu/libdl-2.31.so
7fc49c807000-7fc49c808000 r--p 00003000 08:10 37420                      /usr/lib/x86_64-linux-gnu/libdl-2.31.so
7fc49c808000-7fc49c809000 rw-p 00004000 08:10 37420                      /usr/lib/x86_64-linux-gnu/libdl-2.31.so
7fc49c809000-7fc49c80b000 r--p 00000000 08:10 2340                       /usr/lib/x86_64-linux-gnu/libz.so.1.2.11
7fc49c80b000-7fc49c81c000 r-xp 00002000 08:10 2340                       /usr/lib/x86_64-linux-gnu/libz.so.1.2.11
7fc49c81c000-7fc49c822000 r--p 00013000 08:10 2340                       /usr/lib/x86_64-linux-gnu/libz.so.1.2.11
7fc49c822000-7fc49c823000 ---p 00019000 08:10 2340                       /usr/lib/x86_64-linux-gnu/libz.so.1.2.11
7fc49c823000-7fc49c824000 r--p 00019000 08:10 2340                       /usr/lib/x86_64-linux-gnu/libz.so.1.2.11
7fc49c824000-7fc49c825000 rw-p 0001a000 08:10 2340                       /usr/lib/x86_64-linux-gnu/libz.so.1.2.11
7fc49c825000-7fc49c84a000 r--p 00000000 08:10 37134                      /usr/lib/x86_64-linux-gnu/libc-2.31.so
7fc49c84a000-7fc49c9c2000 r-xp 00025000 08:10 37134                      /usr/lib/x86_64-linux-gnu/libc-2.31.so
7fc49c9c2000-7fc49ca0c000 r--p 0019d000 08:10 37134                      /usr/lib/x86_64-linux-gnu/libc-2.31.so
7fc49ca0c000-7fc49ca0d000 ---p 001e7000 08:10 37134                      /usr/lib/x86_64-linux-gnu/libc-2.31.so
7fc49ca0d000-7fc49ca10000 r--p 001e7000 08:10 37134                      /usr/lib/x86_64-linux-gnu/libc-2.31.so
7fc49ca10000-7fc49ca13000 rw-p 001ea000 08:10 37134                      /usr/lib/x86_64-linux-gnu/libc-2.31.so
7fc49ca13000-7fc49ca17000 rw-p 00000000 00:00 0 
7fc49ca1e000-7fc49ca1f000 rw-p 00000000 00:00 0 
7fc49ca1f000-7fc49ca22000 r--p 00000000 08:10 54917                      /usr/lib/jvm/java-8-openjdk-amd64/jre/lib/amd64/jli/libjli.so
7fc49ca22000-7fc49ca2c000 r-xp 00003000 08:10 54917                      /usr/lib/jvm/java-8-openjdk-amd64/jre/lib/amd64/jli/libjli.so
7fc49ca2c000-7fc49ca2f000 r--p 0000d000 08:10 54917                      /usr/lib/jvm/java-8-openjdk-amd64/jre/lib/amd64/jli/libjli.so
7fc49ca2f000-7fc49ca30000 r--p 0000f000 08:10 54917                      /usr/lib/jvm/java-8-openjdk-amd64/jre/lib/amd64/jli/libjli.so
7fc49ca30000-7fc49ca31000 rw-p 00010000 08:10 54917                      /usr/lib/jvm/java-8-openjdk-amd64/jre/lib/amd64/jli/libjli.so
7fc49ca31000-7fc49ca33000 rw-p 00000000 00:00 0 
7fc49ca33000-7fc49ca34000 r--p 00000000 08:10 37130                      /usr/lib/x86_64-linux-gnu/ld-2.31.so
7fc49ca34000-7fc49ca57000 r-xp 00001000 08:10 37130                      /usr/lib/x86_64-linux-gnu/ld-2.31.so
7fc49ca57000-7fc49ca5f000 r--p 00024000 08:10 37130                      /usr/lib/x86_64-linux-gnu/ld-2.31.so
7fc49ca5f000-7fc49ca60000 r--p 00000000 00:00 0 
7fc49ca60000-7fc49ca61000 r--p 0002c000 08:10 37130                      /usr/lib/x86_64-linux-gnu/ld-2.31.so
7fc49ca61000-7fc49ca62000 rw-p 0002d000 08:10 37130                      /usr/lib/x86_64-linux-gnu/ld-2.31.so
7fc49ca62000-7fc49ca63000 rw-p 00000000 00:00 0 
7ffc71545000-7ffc71566000 rw-p 00000000 00:00 0                          [stack]
7ffc71576000-7ffc71579000 r--p 00000000 00:00 0                          [vvar]
7ffc71579000-7ffc7157b000 r-xp 00000000 00:00 0                          [vdso]

VM Arguments:
jvm_args: -Dfile.encoding=UTF-8 -Xms1024m -Xmx1024m -Xss4M -XX:ReservedCodeCacheSize=128m 
java_command: /usr/share/sbt/bin/sbt-launch.jar assembly
java_class_path (initial): /usr/share/sbt/bin/sbt-launch.jar
Launcher Type: SUN_STANDARD

Environment Variables:
JAVA_HOME=/usr/lib/jvm/java-8-openjdk-amd64
PATH=/home/melissawhite/hadoop-2.7.7/bin:/home/melissawhite/apache-hive-2.3.8-bin/bin:/home/melissawhite/spark-2.4.7-bin-hadoop2.7/bin:/usr/local/sbin:/usr/local/bin:/usr/sbin:/usr/bin:/sbin:/bin:/usr/games:/usr/local/games:/mnt/c/Program Files/WindowsApps/CanonicalGroupLimited.UbuntuonWindows_2004.2020.812.0_x64__79rhkp1fndgsc:/mnt/c/Program Files (x86)/Common Files/Oracle/Java/javapath:/mnt/c/WINDOWS/system32:/mnt/c/WINDOWS:/mnt/c/WINDOWS/System32/Wbem:/mnt/c/WINDOWS/System32/WindowsPowerShell/v1.0/:/mnt/c/Program Files/Git/cmd:/mnt/c/WINDOWS/System32/OpenSSH/:/mnt/c/Program Files/Java/jdk-1.8.0_201/bin:/mnt/c/Program Files/Microsoft VS Code/bin:/mnt/c/Program Files/nodejs/:/mnt/c/Users/Melissa/AppData/Local/Microsoft/WindowsApps:/mnt/c/Users/Melissa/AppData/Local/atom/bin:/mnt/c/Program Files/Java/jdk1.8.0_201/bin:/mnt/c/Program Files (x86)/SSH Communications Security/SSH Secure Shell:/mnt/c/Program Files/MongoDB/Server/4.2/bin:/mnt/c/Users/Melissa/Dropbox/loc8r:/mnt/c/Users/Melissa/AppData/Local/GitHubDesktop/bin:/mnt/c/Program Files/heroku/bin:/mnt/c/Program Files/Salesforce CLI/bin:/mnt/c/Users/Melissa/AppData/Roaming/npm:/mnt/c/Users/Melissa/AppData/Local/Microsoft/WindowsApps:/snap/bin
SHELL=/bin/bash
HOSTTYPE=x86_64

Signal Handlers:
SIGSEGV: [libjvm.so+0xb34620], sa_mask[0]=11111111011111111101111111111110, sa_flags=SA_RESTART|SA_SIGINFO
SIGBUS: [libjvm.so+0xb34620], sa_mask[0]=11111111011111111101111111111110, sa_flags=SA_RESTART|SA_SIGINFO
SIGFPE: [libjvm.so+0x979be0], sa_mask[0]=11111111011111111101111111111110, sa_flags=SA_RESTART|SA_SIGINFO
SIGPIPE: [libjvm.so+0x979be0], sa_mask[0]=11111111011111111101111111111110, sa_flags=SA_RESTART|SA_SIGINFO
SIGXFSZ: [libjvm.so+0x979be0], sa_mask[0]=11111111011111111101111111111110, sa_flags=SA_RESTART|SA_SIGINFO
SIGILL: [libjvm.so+0x979be0], sa_mask[0]=11111111011111111101111111111110, sa_flags=SA_RESTART|SA_SIGINFO
SIGUSR1: SIG_DFL, sa_mask[0]=00000000000000000000000000000000, sa_flags=none
SIGUSR2: [libjvm.so+0x979a90], sa_mask[0]=00000000000000000000000000000000, sa_flags=SA_RESTART|SA_SIGINFO
SIGHUP: SIG_DFL, sa_mask[0]=00000000000000000000000000000000, sa_flags=none
SIGINT: SIG_DFL, sa_mask[0]=00000000000000000000000000000000, sa_flags=none
SIGTERM: SIG_DFL, sa_mask[0]=00000000000000000000000000000000, sa_flags=none
SIGQUIT: SIG_DFL, sa_mask[0]=00000000000000000000000000000000, sa_flags=none


---------------  S Y S T E M  ---------------

OS:DISTRIB_ID=Ubuntu
DISTRIB_RELEASE=20.04
DISTRIB_CODENAME=focal
DISTRIB_DESCRIPTION="Ubuntu 20.04.1 LTS"

uname:Linux 4.19.128-microsoft-standard #1 SMP Tue Jun 23 12:58:10 UTC 2020 x86_64
libc:glibc 2.31 NPTL 2.31 
rlimit: STACK 8192k, CORE 0k, NPROC 12494, NOFILE 4096, AS infinity
load average:2.85 2.51 2.20

/proc/meminfo:
MemTotal:        3203512 kB
MemFree:           93540 kB
MemAvailable:     361784 kB
Buffers:           16336 kB
Cached:           374544 kB
SwapCached:        48952 kB
Active:          2150164 kB
Inactive:         850588 kB
Active(anon):    1933512 kB
Inactive(anon):   676620 kB
Active(file):     216652 kB
Inactive(file):   173968 kB
Unevictable:           0 kB
Mlocked:               0 kB
SwapTotal:       1048576 kB
SwapFree:         210184 kB
Dirty:               108 kB
Writeback:             0 kB
AnonPages:       2556948 kB
Mapped:            48292 kB
Shmem:                40 kB
Slab:              44376 kB
SReclaimable:      27608 kB
SUnreclaim:        16768 kB
KernelStack:        8072 kB
PageTables:        12156 kB
NFS_Unstable:          0 kB
Bounce:                0 kB
WritebackTmp:          0 kB
CommitLimit:     2650332 kB
Committed_AS:    5451536 kB
VmallocTotal:   34359738367 kB
VmallocUsed:           0 kB
VmallocChunk:          0 kB
Percpu:              944 kB
AnonHugePages:   1081344 kB
ShmemHugePages:        0 kB
ShmemPmdMapped:        0 kB
HugePages_Total:       0
HugePages_Free:        0
HugePages_Rsvd:        0
HugePages_Surp:        0
Hugepagesize:       2048 kB
Hugetlb:               0 kB
DirectMap4k:       15360 kB
DirectMap2M:     1177600 kB
DirectMap1G:     3145728 kB

container (cgroup) information:
container_type: cgroupv1
cpu_cpuset_cpus: 0-3
cpu_memory_nodes: 0
active_processor_count: 4
cpu_quota: -1
cpu_period: 100000
cpu_shares: -1
memory_limit_in_bytes: -1
memory_and_swap_limit_in_bytes: -1
memory_soft_limit_in_bytes: -1
memory_usage_in_bytes: 3032358912
memory_max_usage_in_bytes: 8737443840


CPU:total 4 (initial active 4) (2 cores per cpu, 2 threads per core) family 6 model 78 stepping 3, cmov, cx8, fxsr, mmx, sse, sse2, sse3, ssse3, sse4.1, sse4.2, popcnt, avx, avx2, aes, clmul, erms, rtm, 3dnowpref, lzcnt, ht, tsc, bmi1, bmi2, adx

/proc/cpuinfo:
processor	: 0
vendor_id	: GenuineIntel
cpu family	: 6
model		: 78
model name	: Intel(R) Core(TM) i5-6300U CPU @ 2.40GHz
stepping	: 3
microcode	: 0xffffffff
cpu MHz		: 2495.998
cache size	: 3072 KB
physical id	: 0
siblings	: 4
core id		: 0
cpu cores	: 2
apicid		: 0
initial apicid	: 0
fpu		: yes
fpu_exception	: yes
cpuid level	: 21
wp		: yes
flags		: fpu vme de pse tsc msr pae mce cx8 apic sep mtrr pge mca cmov pat pse36 clflush mmx fxsr sse sse2 ss ht syscall nx pdpe1gb rdtscp lm constant_tsc rep_good nopl xtopology cpuid pni pclmulqdq ssse3 fma cx16 pcid sse4_1 sse4_2 movbe popcnt aes xsave avx f16c rdrand hypervisor lahf_lm abm 3dnowprefetch invpcid_single pti ssbd ibrs ibpb stibp fsgsbase bmi1 hle avx2 smep bmi2 erms invpcid rtm rdseed adx smap clflushopt xsaveopt xsavec xgetbv1 xsaves flush_l1d arch_capabilities
bugs		: cpu_meltdown spectre_v1 spectre_v2 spec_store_bypass l1tf mds swapgs taa itlb_multihit srbds
bogomips	: 4991.99
clflush size	: 64
cache_alignment	: 64
address sizes	: 39 bits physical, 48 bits virtual
power management:

processor	: 1
vendor_id	: GenuineIntel
cpu family	: 6
model		: 78
model name	: Intel(R) Core(TM) i5-6300U CPU @ 2.40GHz
stepping	: 3
microcode	: 0xffffffff
cpu MHz		: 2495.998
cache size	: 3072 KB
physical id	: 0
siblings	: 4
core id		: 0
cpu cores	: 2
apicid		: 1
initial apicid	: 1
fpu		: yes
fpu_exception	: yes
cpuid level	: 21
wp		: yes
flags		: fpu vme de pse tsc msr pae mce cx8 apic sep mtrr pge mca cmov pat pse36 clflush mmx fxsr sse sse2 ss ht syscall nx pdpe1gb rdtscp lm constant_tsc rep_good nopl xtopology cpuid pni pclmulqdq ssse3 fma cx16 pcid sse4_1 sse4_2 movbe popcnt aes xsave avx f16c rdrand hypervisor lahf_lm abm 3dnowprefetch invpcid_single pti ssbd ibrs ibpb stibp fsgsbase bmi1 hle avx2 smep bmi2 erms invpcid rtm rdseed adx smap clflushopt xsaveopt xsavec xgetbv1 xsaves flush_l1d arch_capabilities
bugs		: cpu_meltdown spectre_v1 spectre_v2 spec_store_bypass l1tf mds swapgs taa itlb_multihit srbds
bogomips	: 4991.99
clflush size	: 64
cache_alignment	: 64
address sizes	: 39 bits physical, 48 bits virtual
power management:

processor	: 2
vendor_id	: GenuineIntel
cpu family	: 6
model		: 78
model name	: Intel(R) Core(TM) i5-6300U CPU @ 2.40GHz
stepping	: 3
microcode	: 0xffffffff
cpu MHz		: 2495.998
cache size	: 3072 KB
physical id	: 0
siblings	: 4
core id		: 1
cpu cores	: 2
apicid		: 2
initial apicid	: 2
fpu		: yes
fpu_exception	: yes
cpuid level	: 21
wp		: yes
flags		: fpu vme de pse tsc msr pae mce cx8 apic sep mtrr pge mca cmov pat pse36 clflush mmx fxsr sse sse2 ss ht syscall nx pdpe1gb rdtscp lm constant_tsc rep_good nopl xtopology cpuid pni pclmulqdq ssse3 fma cx16 pcid sse4_1 sse4_2 movbe popcnt aes xsave avx f16c rdrand hypervisor lahf_lm abm 3dnowprefetch invpcid_single pti ssbd ibrs ibpb stibp fsgsbase bmi1 hle avx2 smep bmi2 erms invpcid rtm rdseed adx smap clflushopt xsaveopt xsavec xgetbv1 xsaves flush_l1d arch_capabilities
bugs		: cpu_meltdown spectre_v1 spectre_v2 spec_store_bypass l1tf mds swapgs taa itlb_multihit srbds
bogomips	: 4991.99
clflush size	: 64
cache_alignment	: 64
address sizes	: 39 bits physical, 48 bits virtual
power management:

processor	: 3
vendor_id	: GenuineIntel
cpu family	: 6
model		: 78
model name	: Intel(R) Core(TM) i5-6300U CPU @ 2.40GHz
stepping	: 3
microcode	: 0xffffffff
cpu MHz		: 2495.998
cache size	: 3072 KB
physical id	: 0
siblings	: 4
core id		: 1
cpu cores	: 2
apicid		: 3
initial apicid	: 3
fpu		: yes
fpu_exception	: yes
cpuid level	: 21
wp		: yes
flags		: fpu vme de pse tsc msr pae mce cx8 apic sep mtrr pge mca cmov pat pse36 clflush mmx fxsr sse sse2 ss ht syscall nx pdpe1gb rdtscp lm constant_tsc rep_good nopl xtopology cpuid pni pclmulqdq ssse3 fma cx16 pcid sse4_1 sse4_2 movbe popcnt aes xsave avx f16c rdrand hypervisor lahf_lm abm 3dnowprefetch invpcid_single pti ssbd ibrs ibpb stibp fsgsbase bmi1 hle avx2 smep bmi2 erms invpcid rtm rdseed adx smap clflushopt xsaveopt xsavec xgetbv1 xsaves flush_l1d arch_capabilities
bugs		: cpu_meltdown spectre_v1 spectre_v2 spec_store_bypass l1tf mds swapgs taa itlb_multihit srbds
bogomips	: 4991.99
clflush size	: 64
cache_alignment	: 64
address sizes	: 39 bits physical, 48 bits virtual
power management:



Memory: 4k page, physical 3203512k(93288k free), swap 1048576k(210184k free)

vm_info: OpenJDK 64-Bit Server VM (25.275-b01) for linux-amd64 JRE (1.8.0_275-8u275-b01-0ubuntu1~20.04-b01), built on Nov  9 2020 02:38:58 by "buildd" with gcc 9.3.0

time: Fri Feb 19 09:05:30 2021
timezone: PST
elapsed time: 0.069642 seconds (0d 0h 0m 0s)

