+----------+---+--------+-----+---+--------------------+------+-------+--------+---+--------------------+------------------------+-----+
|      Date| Hr|Language|Likes|Min|               Place|Quotes|Replies|Retweets|Sec|                Time|                   Tweet|index|
+----------+---+--------+-----+---+--------------------+------+-------+--------+---+--------------------+------------------------+-----+
|2021-02-16|  6|      ko|    0| 40|   [Santa Clara, CA]|     0|      0|       0| 43|2021-02-16T06:40:...|나의그림😙❣️#BTS @BTS...|    1|
|2021-02-16|  7|      en|    0|  3|[Quezon City, Nat...|     0|      0|       0| 10|2021-02-16T07:03:...|    NowON
#OT7 #BTS h...|    2|
|2021-02-16|  7|      en|    0| 14|           [Jamaica]|     0|      0|       0| 58|2021-02-16T07:14:...|    All now so we gon...|    3|
|2021-02-16|  7|      ru|    1| 28|[Province of Novo...|     0|      0|       0| 13|2021-02-16T07:28:...|    Боже... Спасите м...|    4|
|2021-02-16|  7|      en|    0| 35|     [Penza, Russia]|     0|      0|       0|  6|2021-02-16T07:35:...|    You create a grea...|    5|
+----------+---+--------+-----+---+--------------------+------+-------+--------+---+--------------------+------------------------+-----+

root
 |-- Date: string (nullable = true)
 |-- Hr: integer (nullable = true)
 |-- Language: string (nullable = true)
 |-- Likes: integer (nullable = true)
 |-- Min: integer (nullable = true)
 |-- Place: string (nullable = true)
 |-- Quotes: integer (nullable = true)
 |-- Replies: integer (nullable = true)
 |-- Retweets: integer (nullable = true)
 |-- Sec: integer (nullable = true)
 |-- Time: string (nullable = true)
 |-- Tweet: string (nullable = true)
 |-- index: integer (nullable = true)

