+--------------------+--------------------+--------------------+
|                data|            includes|      matching_rules|
+--------------------+--------------------+--------------------+
|[2021-02-16T00:03...|[[[United States,...|[[135995679370355...|
|[2021-02-16T03:33...|[[[Japan, JP, Min...|[[135995679370355...|
|[2021-02-16T00:03...|[[[United States,...|[[135995679370355...|
|[2021-02-16T00:50...|[[[Japan, JP, Kit...|[[135995679370355...|
|[2021-02-16T00:59...|[[[United States,...|[[135995679370355...|
|[2021-02-16T01:30...|[[[Republic of Ko...|[[135995679370355...|
|[2021-02-16T01:50...|[[[Indonesia, ID,...|[[135995679370355...|
|[2021-02-16T01:54...|[[[India, IN, Ind...|[[135995679370355...|
|[2021-02-16T01:56...|[[[Republic of Ko...|[[135995679370355...|
|[2021-02-16T01:58...|[[[Republic of Ko...|[[135995679370355...|
|[2021-02-16T01:59...|[[[Republic of Ko...|[[135995679370355...|
|[2021-02-16T02:02...|[[[Republic of Ko...|[[135995679370355...|
|[2021-02-16T02:57...|[[[Republic of Ko...|[[135995679370355...|
|[2021-02-16T02:57...|[[[Republic of Ko...|[[135995679370355...|
|[2021-02-16T02:58...|[[[Republic of Ko...|[[135995679370355...|
|[2021-02-16T02:58...|[[[Republic of Ko...|[[135995679370355...|
|[2021-02-16T02:58...|[[[Republic of Ko...|[[135995679370355...|
+--------------------+--------------------+--------------------+
only showing top 20 rows

root
 |-- data: struct (nullable = true)
 |    |-- created_at: string (nullable = true)
 |    |-- geo: struct (nullable = true)
 |    |    |-- coordinates: struct (nullable = true)
 |    |    |    |-- coordinates: array (nullable = true)
 |    |    |    |    |-- element: double (containsNull = true)
 |    |    |    |-- type: string (nullable = true)
 |    |    |-- place_id: string (nullable = true)
 |    |-- id: string (nullable = true)
 |    |-- lang: string (nullable = true)
 |    |-- public_metrics: struct (nullable = true)
 |    |    |-- like_count: long (nullable = true)
 |    |    |-- quote_count: long (nullable = true)
 |    |    |-- reply_count: long (nullable = true)
 |    |    |-- retweet_count: long (nullable = true)
 |    |-- text: string (nullable = true)
 |-- includes: struct (nullable = true)
 |    |-- places: array (nullable = true)
 |    |    |-- element: struct (containsNull = true)
 |    |    |    |-- country: string (nullable = true)
 |    |    |    |-- country_code: string (nullable = true)
 |    |    |    |-- full_name: string (nullable = true)
 |    |    |    |-- id: string (nullable = true)
 |-- matching_rules: array (nullable = true)
 |    |-- element: struct (containsNull = true)
 |    |    |-- id: long (nullable = true)
 |    |    |-- tag: string (nullable = true)

+-----------------------+
|count(DISTINCT data.id)|
+-----------------------+
|                     22|
+-----------------------+

+-------------------------------+
|count(DISTINCT data.created_at)|
+-------------------------------+
|                             22|
+-------------------------------+

+-----------------------------------------+
|count(DISTINCT includes.places.full_name)|
+-----------------------------------------+
|                                        9|
+-----------------------------------------+

+--------------------+-----+
|           full_name|count|
+--------------------+-----+
|  [Minato-ku, Tokyo]|    2|
|  [Kita-ku, Okayama]|    1|
|[Changwon-si, Rep...|   14|
|             [India]|    1|
|       [El Paso, TX]|    1|
|[Rio de Janeiro, ...|    1|
|   [Garden City, NY]|    2|
|        [Fenton, MI]|    1|
| [Gambir, Indonesia]|    1|
+--------------------+-----+

+--------------------+--------------------+--------------------+----------+
|                data|            includes|      matching_rules|row_number|
+--------------------+--------------------+--------------------+----------+
|[2021-02-16T03:33...|[[[Japan, JP, Min...|[[135995679370355...|         1|
|[2021-02-16T03:33...|[[[Japan, JP, Min...|[[135995679370355...|         2|
|[2021-02-16T00:50...|[[[Japan, JP, Kit...|[[135995679370355...|         1|
|[2021-02-16T01:30...|[[[Republic of Ko...|[[135995679370355...|         1|
|[2021-02-16T01:56...|[[[Republic of Ko...|[[135995679370355...|         2|
|[2021-02-16T01:58...|[[[Republic of Ko...|[[135995679370355...|         3|
|[2021-02-16T01:59...|[[[Republic of Ko...|[[135995679370355...|         4|
|[2021-02-16T02:02...|[[[Republic of Ko...|[[135995679370355...|         5|
|[2021-02-16T02:57...|[[[Republic of Ko...|[[135995679370355...|         6|
|[2021-02-16T02:57...|[[[Republic of Ko...|[[135995679370355...|         7|
|[2021-02-16T02:58...|[[[Republic of Ko...|[[135995679370355...|         8|
|[2021-02-16T02:58...|[[[Republic of Ko...|[[135995679370355...|         9|
|[2021-02-16T02:58...|[[[Republic of Ko...|[[135995679370355...|        10|
|[2021-02-16T02:58...|[[[Republic of Ko...|[[135995679370355...|        11|
|[2021-02-16T02:58...|[[[Republic of Ko...|[[135995679370355...|        12|
|[2021-02-16T02:58...|[[[Republic of Ko...|[[135995679370355...|        13|
|[2021-02-16T02:59...|[[[Republic of Ko...|[[135995679370355...|        14|
+--------------------+--------------------+--------------------+----------+
only showing top 20 rows

+--------------------------------+------+-----------+-----------+-------------------+----------+
|full_name                       |counts|avg_Retweet|avg_Replies|avg_Like           |avg_Quotes|
+--------------------------------+------+-----------+-----------+-------------------+----------+
|[Changwon-si, Republic of Korea]|14    |0.0        |0.0        |0.07142857142857142|0.0       |
|[Minato-ku, Tokyo]              |2     |0.0        |0.0        |0.0                |0.0       |
|[Garden City, NY]               |2     |0.0        |0.0        |0.0                |0.0       |
|[Kita-ku, Okayama]              |1     |0.0        |0.0        |2.0                |0.0       |
|[Rio de Janeiro, Brazil]        |1     |0.0        |0.0        |0.0                |0.0       |
|[India]                         |1     |0.0        |0.0        |0.0                |0.0       |
|[El Paso, TX]                   |1     |0.0        |0.0        |0.0                |0.0       |
|[Fenton, MI]                    |1     |0.0        |0.0        |0.0                |0.0       |
|[Gambir, Indonesia]             |1     |0.0        |0.0        |0.0                |0.0       |
+--------------------------------+------+-----------+-----------+-------------------+----------+

== Parsed Logical Plan ==
'Sort ['counts DESC NULLS LAST], true
+- Aggregate [includes#1.places.full_name], [includes#1.places.full_name AS full_name#118, count(includes#1.places.full_name) AS counts#108L, avg(data#0.public_metrics.retweet_count) AS avg_Retweet#110, avg(data#0.public_metrics.reply_count) AS avg_Replies#112, avg(data#0.public_metrics.like_count) AS avg_Like#114, avg(data#0.public_metrics.quote_count) AS avg_Quotes#116]
   +- Relation[data#0,includes#1,matching_rules#2] json

== Analyzed Logical Plan ==
full_name: array<string>, counts: bigint, avg_Retweet: double, avg_Replies: double, avg_Like: double, avg_Quotes: double
Sort [counts#108L DESC NULLS LAST], true
+- Aggregate [includes#1.places.full_name], [includes#1.places.full_name AS full_name#118, count(includes#1.places.full_name) AS counts#108L, avg(data#0.public_metrics.retweet_count) AS avg_Retweet#110, avg(data#0.public_metrics.reply_count) AS avg_Replies#112, avg(data#0.public_metrics.like_count) AS avg_Like#114, avg(data#0.public_metrics.quote_count) AS avg_Quotes#116]
   +- Relation[data#0,includes#1,matching_rules#2] json

== Optimized Logical Plan ==
Sort [counts#108L DESC NULLS LAST], true
+- Aggregate [includes#1.places.full_name], [includes#1.places.full_name AS full_name#118, count(includes#1.places.full_name) AS counts#108L, avg(data#0.public_metrics.retweet_count) AS avg_Retweet#110, avg(data#0.public_metrics.reply_count) AS avg_Replies#112, avg(data#0.public_metrics.like_count) AS avg_Like#114, avg(data#0.public_metrics.quote_count) AS avg_Quotes#116]
   +- Project [data#0, includes#1]
      +- Relation[data#0,includes#1,matching_rules#2] json

== Physical Plan ==
*(3) Sort [counts#108L DESC NULLS LAST], true, 0
+- Exchange rangepartitioning(counts#108L DESC NULLS LAST, 200)
   +- *(2) HashAggregate(keys=[includes#1.places.full_name#171], functions=[count(includes#1.places.full_name), avg(data#0.public_metrics.retweet_count), avg(data#0.public_metrics.reply_count), avg(data#0.public_metrics.like_count), avg(data#0.public_metrics.quote_count)], output=[full_name#118, counts#108L, avg_Retweet#110, avg_Replies#112, avg_Like#114, avg_Quotes#116])
      +- Exchange hashpartitioning(includes#1.places.full_name#171, 200)
         +- *(1) HashAggregate(keys=[includes#1.places.full_name AS includes#1.places.full_name#171], functions=[partial_count(includes#1.places.full_name), partial_avg(data#0.public_metrics.retweet_count), partial_avg(data#0.public_metrics.reply_count), partial_avg(data#0.public_metrics.like_count), partial_avg(data#0.public_metrics.quote_count)], output=[includes#1.places.full_name#171, count#158L, sum#159, count#160L, sum#161, count#162L, sum#163, count#164L, sum#165, count#166L])
            +- *(1) FileScan json [data#0,includes#1] Batched: false, Format: JSON, Location: InMemoryFileIndex[file:/home/cjen/210104-usf-bigdata/week6/tweetsapp/BTSkpop_geoOnly_210215_9pm-1..., PartitionFilters: [], PushedFilters: [], ReadSchema: struct<data:struct<created_at:string,geo:struct<coordinates:struct<coordinates:array<double>,type...
(5) MapPartitionsRDD[73] at rdd at Runner.scala:74 []
 |  SQLExecutionRDD[72] at rdd at Runner.scala:74 []
 |  MapPartitionsRDD[71] at rdd at Runner.scala:74 []
 |  MapPartitionsRDD[70] at rdd at Runner.scala:74 []
 |  ShuffledRowRDD[69] at rdd at Runner.scala:74 []
 +-(200) MapPartitionsRDD[68] at rdd at Runner.scala:74 []
     |   MapPartitionsRDD[64] at rdd at Runner.scala:74 []
     |   ShuffledRowRDD[63] at rdd at Runner.scala:74 []
     +-(1) MapPartitionsRDD[62] at rdd at Runner.scala:74 []
        |  MapPartitionsRDD[61] at rdd at Runner.scala:74 []
        |  FileScanRDD[60] at rdd at Runner.scala:74 []
+--------------------------------+------+-----------+-----------+-------------------+----------+-----+
|full_name                       |counts|avg_Retweet|avg_Replies|avg_Like           |avg_Quotes|index|
+--------------------------------+------+-----------+-----------+-------------------+----------+-----+
|[Changwon-si, Republic of Korea]|14    |0.0        |0.0        |0.07142857142857142|0.0       |1    |
|[Minato-ku, Tokyo]              |2     |0.0        |0.0        |0.0                |0.0       |2    |
|[Garden City, NY]               |2     |0.0        |0.0        |0.0                |0.0       |3    |
|[Kita-ku, Okayama]              |1     |0.0        |0.0        |2.0                |0.0       |4    |
|[India]                         |1     |0.0        |0.0        |0.0                |0.0       |5    |
|[El Paso, TX]                   |1     |0.0        |0.0        |0.0                |0.0       |6    |
|[Rio de Janeiro, Brazil]        |1     |0.0        |0.0        |0.0                |0.0       |7    |
|[Fenton, MI]                    |1     |0.0        |0.0        |0.0                |0.0       |8    |
|[Gambir, Indonesia]             |1     |0.0        |0.0        |0.0                |0.0       |9    |
+--------------------------------+------+-----------+-----------+-------------------+----------+-----+

