+--------------------+--------------------+--------------------+
|                data|            includes|      matching_rules|
+--------------------+--------------------+--------------------+
|[2021-02-14T22:04...|[[[Saladoblanco, ...|[[135995765236584...|
|[2021-02-14T22:11...|[[[Saladoblanco, ...|[[135995765236584...|
|[2021-02-14T22:13...|[[[Bekasi Timur, ...|[[135995765236584...|
|[2021-02-14T22:13...|[[[Saladoblanco, ...|[[135995765236584...|
|[2021-02-14T22:13...|[[[Saladoblanco, ...|[[135995765236584...|
|[2021-02-14T22:14...|[[[Saladoblanco, ...|[[135995765236584...|
|[2021-02-14T22:16...|[[[Brasília, Braz...|[[135995765236584...|
|[2021-02-14T22:17...|[[[Saladoblanco, ...|[[135995765236584...|
|[2021-02-14T22:17...|[[[Saladoblanco, ...|[[135995765236584...|
+--------------------+--------------------+--------------------+
only showing top 20 rows

root
 |-- data: struct (nullable = true)
 |    |-- created_at: string (nullable = true)
 |    |-- geo: struct (nullable = true)
 |    |    |-- place_id: string (nullable = true)
 |    |-- id: string (nullable = true)
 |    |-- lang: string (nullable = true)
 |    |-- public_metrics: struct (nullable = true)
 |    |    |-- like_count: long (nullable = true)
 |    |    |-- quote_count: long (nullable = true)
 |    |    |-- reply_count: long (nullable = true)
 |    |    |-- retweet_count: long (nullable = true)
 |    |-- text: string (nullable = true)
 |-- includes: struct (nullable = true)
 |    |-- places: array (nullable = true)
 |    |    |-- element: struct (containsNull = true)
 |    |    |    |-- full_name: string (nullable = true)
 |    |    |    |-- id: string (nullable = true)
 |-- matching_rules: array (nullable = true)
 |    |-- element: struct (containsNull = true)
 |    |    |-- id: long (nullable = true)
 |    |    |-- tag: string (nullable = true)

+-----------------------+
|count(DISTINCT data.id)|
+-----------------------+
|                     87|
+-----------------------+

+-------------------------------+
|count(DISTINCT data.created_at)|
+-------------------------------+
|                             85|
+-------------------------------+

+-----------------------------------------+
|count(DISTINCT includes.places.full_name)|
+-----------------------------------------+
|                                       20|
+-----------------------------------------+

+--------------------+-----+
|           full_name|count|
+--------------------+-----+
|   [Barrie, Ontario]|    2|
|   [Jersey City, NJ]|    1|
|         [Ate, Peru]|    1|
|[Córdoba, Argentina]|    1|
|  [Brasília, Brazil]|    1|
|[Bogotá, D.C., Co...|    6|
|[Vaqueros, Argent...|    1|
|        [Walden, NY]|    1|
|[Ciudad Real, Spain]|    1|
|           [Ukraine]|    1|
|            [Cyprus]|    2|
|  [South Apopka, FL]|    1|
| [Hưng Yên, Vietnam]|    1|
|     [Belém, Brazil]|    1|
|[Amphoe Hat Yai, ...|    1|
|[San Martin de Po...|    1|
|    [Marabá, Brasil]|    1|
| [La Victoria, Peru]|    1|
|[Bekasi Timur, In...|    1|
+--------------------+-----+
only showing top 20 rows

+--------------------+--------------------+--------------------+----------+
|                data|            includes|      matching_rules|row_number|
+--------------------+--------------------+--------------------+----------+
|[2021-02-14T22:26...|[[[Barrie, Ontari...|[[135995765236584...|         1|
|[2021-02-14T22:27...|[[[Barrie, Ontari...|[[135995765236584...|         2|
|[2021-02-14T22:54...|[[[Jersey City, N...|[[135995765236584...|         1|
|[2021-02-14T22:31...|[[[Ate, Peru, 016...|[[135995765236584...|         1|
|[2021-02-14T22:44...|[[[Córdoba, Argen...|[[135995765236584...|         1|
+--------------------+--------------------+--------------------+----------+
only showing top 20 rows

+-----------------------------------+------+-----------+-----------+--------+----------+
|full_name                          |counts|avg_Retweet|avg_Replies|avg_Like|avg_Quotes|
+-----------------------------------+------+-----------+-----------+--------+----------+
|[Saladoblanco, Colombia]           |32    |0.0        |0.0        |0.03125 |0.0       |
|[Bogotá, D.C., Colombia]           |6     |0.0        |0.0        |0.0     |0.0       |
|[Barrie, Ontario]                  |2     |0.0        |0.0        |0.0     |0.0       |
|[Cyprus]                           |2     |0.0        |0.0        |0.0     |0.0       |
|[Jersey City, NJ]                  |1     |0.0        |0.0        |0.0     |0.0       |
|[Córdoba, Argentina]               |1     |0.0        |0.0        |0.0     |0.0       |
|[Vaqueros, Argentina]              |1     |0.0        |0.0        |0.0     |0.0       |
|[Ate, Peru]                        |1     |0.0        |0.0        |0.0     |0.0       |
|[Brasília, Brazil]                 |1     |0.0        |0.0        |0.0     |0.0       |
|[Hưng Yên, Vietnam]                |1     |0.0        |0.0        |0.0     |0.0       |
|[Amphoe Hat Yai, Songkhla Province]|1     |1.0        |0.0        |1.0     |0.0       |
|[Walden, NY]                       |1     |0.0        |0.0        |0.0     |0.0       |
|[La Victoria, Peru]                |1     |0.0        |0.0        |0.0     |0.0       |
|[Ciudad Real, Spain]               |1     |0.0        |0.0        |0.0     |0.0       |
|[Ukraine]                          |1     |0.0        |0.0        |0.0     |0.0       |
|[South Apopka, FL]                 |1     |0.0        |0.0        |0.0     |0.0       |
|[San Martin de Porres, Peru]       |1     |0.0        |0.0        |0.0     |0.0       |
|[Belém, Brazil]                    |1     |0.0        |0.0        |0.0     |0.0       |
|[Bekasi Timur, Indonesia]          |1     |0.0        |0.0        |0.0     |0.0       |
|[Marabá, Brasil]                   |1     |0.0        |0.0        |0.0     |0.0       |
+-----------------------------------+------+-----------+-----------+--------+----------+

== Parsed Logical Plan ==
'Sort ['counts DESC NULLS LAST], true
+- Aggregate [includes#1.places.full_name], [includes#1.places.full_name AS full_name#118, count(includes#1.places.full_name) AS counts#108L, avg(data#0.public_metrics.retweet_count) AS avg_Retweet#110, avg(data#0.public_metrics.reply_count) AS avg_Replies#112, avg(data#0.public_metrics.like_count) AS avg_Like#114, avg(data#0.public_metrics.quote_count) AS avg_Quotes#116]
   +- Relation[data#0,includes#1,matching_rules#2] json

== Analyzed Logical Plan ==
full_name: array<string>, counts: bigint, avg_Retweet: double, avg_Replies: double, avg_Like: double, avg_Quotes: double
Sort [counts#108L DESC NULLS LAST], true
+- Aggregate [includes#1.places.full_name], [includes#1.places.full_name AS full_name#118, count(includes#1.places.full_name) AS counts#108L, avg(data#0.public_metrics.retweet_count) AS avg_Retweet#110, avg(data#0.public_metrics.reply_count) AS avg_Replies#112, avg(data#0.public_metrics.like_count) AS avg_Like#114, avg(data#0.public_metrics.quote_count) AS avg_Quotes#116]
   +- Relation[data#0,includes#1,matching_rules#2] json

== Optimized Logical Plan ==
Sort [counts#108L DESC NULLS LAST], true
+- Aggregate [includes#1.places.full_name], [includes#1.places.full_name AS full_name#118, count(includes#1.places.full_name) AS counts#108L, avg(data#0.public_metrics.retweet_count) AS avg_Retweet#110, avg(data#0.public_metrics.reply_count) AS avg_Replies#112, avg(data#0.public_metrics.like_count) AS avg_Like#114, avg(data#0.public_metrics.quote_count) AS avg_Quotes#116]
   +- Project [data#0, includes#1]
      +- Relation[data#0,includes#1,matching_rules#2] json

== Physical Plan ==
*(3) Sort [counts#108L DESC NULLS LAST], true, 0
+- Exchange rangepartitioning(counts#108L DESC NULLS LAST, 200)
   +- *(2) HashAggregate(keys=[includes#1.places.full_name#171], functions=[count(includes#1.places.full_name), avg(data#0.public_metrics.retweet_count), avg(data#0.public_metrics.reply_count), avg(data#0.public_metrics.like_count), avg(data#0.public_metrics.quote_count)], output=[full_name#118, counts#108L, avg_Retweet#110, avg_Replies#112, avg_Like#114, avg_Quotes#116])
      +- Exchange hashpartitioning(includes#1.places.full_name#171, 200)
         +- *(1) HashAggregate(keys=[includes#1.places.full_name AS includes#1.places.full_name#171], functions=[partial_count(includes#1.places.full_name), partial_avg(data#0.public_metrics.retweet_count), partial_avg(data#0.public_metrics.reply_count), partial_avg(data#0.public_metrics.like_count), partial_avg(data#0.public_metrics.quote_count)], output=[includes#1.places.full_name#171, count#158L, sum#159, count#160L, sum#161, count#162L, sum#163, count#164L, sum#165, count#166L])
            +- *(1) FileScan json [data#0,includes#1] Batched: false, Format: JSON, Location: InMemoryFileIndex[file:/home/cjen/210104-usf-bigdata/week6/tweetsapp/BTS_geoOnly_210214_afternoon..., PartitionFilters: [], PushedFilters: [], ReadSchema: struct<data:struct<created_at:string,geo:struct<place_id:string>,id:string,lang:string,public_met...
(6) MapPartitionsRDD[73] at rdd at Runner.scala:74 []
 |  SQLExecutionRDD[72] at rdd at Runner.scala:74 []
 |  MapPartitionsRDD[71] at rdd at Runner.scala:74 []
 |  MapPartitionsRDD[70] at rdd at Runner.scala:74 []
 |  ShuffledRowRDD[69] at rdd at Runner.scala:74 []
 +-(200) MapPartitionsRDD[68] at rdd at Runner.scala:74 []
     |   MapPartitionsRDD[64] at rdd at Runner.scala:74 []
     |   ShuffledRowRDD[63] at rdd at Runner.scala:74 []
     +-(1) MapPartitionsRDD[62] at rdd at Runner.scala:74 []
        |  MapPartitionsRDD[61] at rdd at Runner.scala:74 []
        |  FileScanRDD[60] at rdd at Runner.scala:74 []
+-----------------------------------+------+-----------+-----------+--------+----------+-----+
|full_name                          |counts|avg_Retweet|avg_Replies|avg_Like|avg_Quotes|index|
+-----------------------------------+------+-----------+-----------+--------+----------+-----+
|[Saladoblanco, Colombia]           |32    |0.0        |0.0        |0.03125 |0.0       |1    |
|[Bogotá, D.C., Colombia]           |6     |0.0        |0.0        |0.0     |0.0       |2    |
|[Barrie, Ontario]                  |2     |0.0        |0.0        |0.0     |0.0       |3    |
|[Cyprus]                           |2     |0.0        |0.0        |0.0     |0.0       |4    |
|[Jersey City, NJ]                  |1     |0.0        |0.0        |0.0     |0.0       |5    |
|[Ate, Peru]                        |1     |0.0        |0.0        |0.0     |0.0       |6    |
|[Córdoba, Argentina]               |1     |0.0        |0.0        |0.0     |0.0       |7    |
|[Brasília, Brazil]                 |1     |0.0        |0.0        |0.0     |0.0       |8    |
|[Vaqueros, Argentina]              |1     |0.0        |0.0        |0.0     |0.0       |9    |
|[Walden, NY]                       |1     |0.0        |0.0        |0.0     |0.0       |10   |
|[Ciudad Real, Spain]               |1     |0.0        |0.0        |0.0     |0.0       |11   |
|[Ukraine]                          |1     |0.0        |0.0        |0.0     |0.0       |12   |
|[South Apopka, FL]                 |1     |0.0        |0.0        |0.0     |0.0       |13   |
|[Hưng Yên, Vietnam]                |1     |0.0        |0.0        |0.0     |0.0       |14   |
|[Belém, Brazil]                    |1     |0.0        |0.0        |0.0     |0.0       |15   |
|[Amphoe Hat Yai, Songkhla Province]|1     |1.0        |0.0        |1.0     |0.0       |16   |
|[San Martin de Porres, Peru]       |1     |0.0        |0.0        |0.0     |0.0       |17   |
|[Marabá, Brasil]                   |1     |0.0        |0.0        |0.0     |0.0       |18   |
|[La Victoria, Peru]                |1     |0.0        |0.0        |0.0     |0.0       |19   |
|[Bekasi Timur, Indonesia]          |1     |0.0        |0.0        |0.0     |0.0       |20   |
+-----------------------------------+------+-----------+-----------+--------+----------+-----+

