+--------------------+--------------------+--------------------+
|                data|            includes|      matching_rules|
+--------------------+--------------------+--------------------+
|[2021-02-16T02:03...|[[[Nashville, TN,...|[[136141668834486...|
|[2021-02-16T01:13...|[[[São João da Bo...|[[136141668834486...|
+--------------------+--------------------+--------------------+

root
 |-- data: struct (nullable = true)
 |    |-- created_at: string (nullable = true)
 |    |-- geo: struct (nullable = true)
 |    |    |-- place_id: string (nullable = true)
 |    |-- id: string (nullable = true)
 |    |-- lang: string (nullable = true)
 |    |-- public_metrics: struct (nullable = true)
 |    |    |-- like_count: long (nullable = true)
 |    |    |-- quote_count: long (nullable = true)
 |    |    |-- reply_count: long (nullable = true)
 |    |    |-- retweet_count: long (nullable = true)
 |    |-- text: string (nullable = true)
 |-- includes: struct (nullable = true)
 |    |-- places: array (nullable = true)
 |    |    |-- element: struct (containsNull = true)
 |    |    |    |-- full_name: string (nullable = true)
 |    |    |    |-- id: string (nullable = true)
 |-- matching_rules: array (nullable = true)
 |    |-- element: struct (containsNull = true)
 |    |    |-- id: long (nullable = true)
 |    |    |-- tag: string (nullable = true)

+-----------------------+
|count(DISTINCT data.id)|
+-----------------------+
|                      2|
+-----------------------+

+-------------------------------+
|count(DISTINCT data.created_at)|
+-------------------------------+
|                              2|
+-------------------------------+

+-----------------------------------------+
|count(DISTINCT includes.places.full_name)|
+-----------------------------------------+
|                                        2|
+-----------------------------------------+

+--------------------+-----+
|           full_name|count|
+--------------------+-----+
|[São João da Boa ...|    1|
|     [Nashville, TN]|    1|
+--------------------+-----+

+--------------------+--------------------+--------------------+----------+
|                data|            includes|      matching_rules|row_number|
+--------------------+--------------------+--------------------+----------+
|[2021-02-16T01:13...|[[[São João da Bo...|[[136141668834486...|         1|
|[2021-02-16T02:03...|[[[Nashville, TN,...|[[136141668834486...|         1|
+--------------------+--------------------+--------------------+----------+

+-------------------------------+------+-----------+-----------+--------+----------+
|full_name                      |counts|avg_Retweet|avg_Replies|avg_Like|avg_Quotes|
+-------------------------------+------+-----------+-----------+--------+----------+
|[Nashville, TN]                |1     |0.0        |0.0        |0.0     |0.0       |
|[São João da Boa Vista, Brasil]|1     |0.0        |0.0        |0.0     |0.0       |
+-------------------------------+------+-----------+-----------+--------+----------+

== Parsed Logical Plan ==
'Sort ['counts DESC NULLS LAST], true
+- Aggregate [includes#1.places.full_name], [includes#1.places.full_name AS full_name#118, count(includes#1.places.full_name) AS counts#108L, avg(data#0.public_metrics.retweet_count) AS avg_Retweet#110, avg(data#0.public_metrics.reply_count) AS avg_Replies#112, avg(data#0.public_metrics.like_count) AS avg_Like#114, avg(data#0.public_metrics.quote_count) AS avg_Quotes#116]
   +- Relation[data#0,includes#1,matching_rules#2] json

== Analyzed Logical Plan ==
full_name: array<string>, counts: bigint, avg_Retweet: double, avg_Replies: double, avg_Like: double, avg_Quotes: double
Sort [counts#108L DESC NULLS LAST], true
+- Aggregate [includes#1.places.full_name], [includes#1.places.full_name AS full_name#118, count(includes#1.places.full_name) AS counts#108L, avg(data#0.public_metrics.retweet_count) AS avg_Retweet#110, avg(data#0.public_metrics.reply_count) AS avg_Replies#112, avg(data#0.public_metrics.like_count) AS avg_Like#114, avg(data#0.public_metrics.quote_count) AS avg_Quotes#116]
   +- Relation[data#0,includes#1,matching_rules#2] json

== Optimized Logical Plan ==
Sort [counts#108L DESC NULLS LAST], true
+- Aggregate [includes#1.places.full_name], [includes#1.places.full_name AS full_name#118, count(includes#1.places.full_name) AS counts#108L, avg(data#0.public_metrics.retweet_count) AS avg_Retweet#110, avg(data#0.public_metrics.reply_count) AS avg_Replies#112, avg(data#0.public_metrics.like_count) AS avg_Like#114, avg(data#0.public_metrics.quote_count) AS avg_Quotes#116]
   +- Project [data#0, includes#1]
      +- Relation[data#0,includes#1,matching_rules#2] json

== Physical Plan ==
*(3) Sort [counts#108L DESC NULLS LAST], true, 0
+- Exchange rangepartitioning(counts#108L DESC NULLS LAST, 200)
   +- *(2) HashAggregate(keys=[includes#1.places.full_name#171], functions=[count(includes#1.places.full_name), avg(data#0.public_metrics.retweet_count), avg(data#0.public_metrics.reply_count), avg(data#0.public_metrics.like_count), avg(data#0.public_metrics.quote_count)], output=[full_name#118, counts#108L, avg_Retweet#110, avg_Replies#112, avg_Like#114, avg_Quotes#116])
      +- Exchange hashpartitioning(includes#1.places.full_name#171, 200)
         +- *(1) HashAggregate(keys=[includes#1.places.full_name AS includes#1.places.full_name#171], functions=[partial_count(includes#1.places.full_name), partial_avg(data#0.public_metrics.retweet_count), partial_avg(data#0.public_metrics.reply_count), partial_avg(data#0.public_metrics.like_count), partial_avg(data#0.public_metrics.quote_count)], output=[includes#1.places.full_name#171, count#158L, sum#159, count#160L, sum#161, count#162L, sum#163, count#164L, sum#165, count#166L])
            +- *(1) FileScan json [data#0,includes#1] Batched: false, Format: JSON, Location: InMemoryFileIndex[file:/home/cjen/210104-usf-bigdata/week6/tweetsapp/BTS_geoOnly_210215_7pm-8pm_C..., PartitionFilters: [], PushedFilters: [], ReadSchema: struct<data:struct<created_at:string,geo:struct<place_id:string>,id:string,lang:string,public_met...
(2) MapPartitionsRDD[73] at rdd at Runner.scala:74 []
 |  SQLExecutionRDD[72] at rdd at Runner.scala:74 []
 |  MapPartitionsRDD[71] at rdd at Runner.scala:74 []
 |  MapPartitionsRDD[70] at rdd at Runner.scala:74 []
 |  ShuffledRowRDD[69] at rdd at Runner.scala:74 []
 +-(200) MapPartitionsRDD[68] at rdd at Runner.scala:74 []
     |   MapPartitionsRDD[64] at rdd at Runner.scala:74 []
     |   ShuffledRowRDD[63] at rdd at Runner.scala:74 []
     +-(1) MapPartitionsRDD[62] at rdd at Runner.scala:74 []
        |  MapPartitionsRDD[61] at rdd at Runner.scala:74 []
        |  FileScanRDD[60] at rdd at Runner.scala:74 []
+-------------------------------+------+-----------+-----------+--------+----------+-----+
|full_name                      |counts|avg_Retweet|avg_Replies|avg_Like|avg_Quotes|index|
+-------------------------------+------+-----------+-----------+--------+----------+-----+
|[São João da Boa Vista, Brasil]|1     |0.0        |0.0        |0.0     |0.0       |1    |
|[Nashville, TN]                |1     |0.0        |0.0        |0.0     |0.0       |2    |
+-------------------------------+------+-----------+-----------+--------+----------+-----+

