+--------------------+--------------------+--------------------+
|                data|            includes|      matching_rules|
+--------------------+--------------------+--------------------+
|[2021-02-15T17:28...|[[[United Arab Em...|[[136098615688884...|
|[2021-02-15T17:28...|[[[United Arab Em...|[[136098615688884...|
|[2021-02-15T17:38...|[[[Russia, RU, Sa...|[[136098615688884...|
|[2021-02-15T15:30...|[[[Uruguay, UY, M...|[[136098615688884...|
|[2021-02-15T15:31...|[[[Uruguay, UY, M...|[[136098615688884...|
|[2021-02-15T15:36...|[[[Thailand, TH, ...|[[136098615688884...|
|[2021-02-15T16:11...|[[[France, FR, Pa...|[[136098615688884...|
|[2021-02-15T16:23...|[[[Russia, RU, Mo...|[[136098615688884...|
|[2021-02-15T16:26...|[[[Tunisia, TN, T...|[[136098615688884...|
|[2021-02-15T16:52...|[[[Republic of Ko...|[[136098615688884...|
|[2021-02-15T16:53...|[[[Brazil, BR, Ri...|[[136098615688884...|
+--------------------+--------------------+--------------------+

root
 |-- data: struct (nullable = true)
 |    |-- created_at: string (nullable = true)
 |    |-- geo: struct (nullable = true)
 |    |    |-- place_id: string (nullable = true)
 |    |-- id: string (nullable = true)
 |    |-- lang: string (nullable = true)
 |    |-- public_metrics: struct (nullable = true)
 |    |    |-- like_count: long (nullable = true)
 |    |    |-- quote_count: long (nullable = true)
 |    |    |-- reply_count: long (nullable = true)
 |    |    |-- retweet_count: long (nullable = true)
 |    |-- text: string (nullable = true)
 |-- includes: struct (nullable = true)
 |    |-- places: array (nullable = true)
 |    |    |-- element: struct (containsNull = true)
 |    |    |    |-- country: string (nullable = true)
 |    |    |    |-- country_code: string (nullable = true)
 |    |    |    |-- full_name: string (nullable = true)
 |    |    |    |-- id: string (nullable = true)
 |-- matching_rules: array (nullable = true)
 |    |-- element: struct (containsNull = true)
 |    |    |-- id: long (nullable = true)
 |    |    |-- tag: string (nullable = true)

+-----------------------+
|count(DISTINCT data.id)|
+-----------------------+
|                     11|
+-----------------------+

+-------------------------------+
|count(DISTINCT data.created_at)|
+-------------------------------+
|                             11|
+-------------------------------+

+-----------------------------------------+
|count(DISTINCT includes.places.full_name)|
+-----------------------------------------+
|                                        9|
+-----------------------------------------+

+--------------------+-----+
|           full_name|count|
+--------------------+-----+
|[Montevideo, Urug...|    2|
|[Gwangjin-gu, Rep...|    1|
|[Dubai, United Ar...|    2|
|    [Moscow, Russia]|    1|
|           [Tunisia]|    1|
|[Ribeirão Pires, ...|    1|
|[Saint Petersburg...|    1|
|[Chatuchak, Thail...|    1|
|     [Paris, France]|    1|
+--------------------+-----+

+--------------------+--------------------+--------------------+----------+
|                data|            includes|      matching_rules|row_number|
+--------------------+--------------------+--------------------+----------+
|[2021-02-15T15:30...|[[[Uruguay, UY, M...|[[136098615688884...|         1|
|[2021-02-15T15:31...|[[[Uruguay, UY, M...|[[136098615688884...|         2|
|[2021-02-15T16:52...|[[[Republic of Ko...|[[136098615688884...|         1|
|[2021-02-15T17:28...|[[[United Arab Em...|[[136098615688884...|         1|
|[2021-02-15T17:28...|[[[United Arab Em...|[[136098615688884...|         2|
|[2021-02-15T16:23...|[[[Russia, RU, Mo...|[[136098615688884...|         1|
|[2021-02-15T16:26...|[[[Tunisia, TN, T...|[[136098615688884...|         1|
|[2021-02-15T16:53...|[[[Brazil, BR, Ri...|[[136098615688884...|         1|
|[2021-02-15T17:38...|[[[Russia, RU, Sa...|[[136098615688884...|         1|
|[2021-02-15T15:36...|[[[Thailand, TH, ...|[[136098615688884...|         1|
|[2021-02-15T16:11...|[[[France, FR, Pa...|[[136098615688884...|         1|
+--------------------+--------------------+--------------------+----------+

+--------------------------------+------+-----------+-----------+--------+----------+
|full_name                       |counts|avg_Retweet|avg_Replies|avg_Like|avg_Quotes|
+--------------------------------+------+-----------+-----------+--------+----------+
|[Dubai, United Arab Emirates]   |2     |0.0        |0.0        |0.0     |0.0       |
|[Montevideo, Uruguay]           |2     |0.0        |0.0        |0.0     |0.0       |
|[Moscow, Russia]                |1     |0.0        |0.0        |0.0     |0.0       |
|[Gwangjin-gu, Republic of Korea]|1     |0.0        |0.0        |0.0     |0.0       |
|[Ribeirão Pires, Brasil]        |1     |0.0        |0.0        |0.0     |0.0       |
|[Tunisia]                       |1     |0.0        |0.0        |0.0     |0.0       |
|[Saint Petersburg, Russia]      |1     |0.0        |0.0        |0.0     |0.0       |
|[Chatuchak, Thailand]           |1     |0.0        |0.0        |0.0     |0.0       |
|[Paris, France]                 |1     |0.0        |0.0        |0.0     |0.0       |
+--------------------------------+------+-----------+-----------+--------+----------+

== Parsed Logical Plan ==
'Sort ['counts DESC NULLS LAST], true
+- Aggregate [includes#1.places.full_name], [includes#1.places.full_name AS full_name#118, count(includes#1.places.full_name) AS counts#108L, avg(data#0.public_metrics.retweet_count) AS avg_Retweet#110, avg(data#0.public_metrics.reply_count) AS avg_Replies#112, avg(data#0.public_metrics.like_count) AS avg_Like#114, avg(data#0.public_metrics.quote_count) AS avg_Quotes#116]
   +- Relation[data#0,includes#1,matching_rules#2] json

== Analyzed Logical Plan ==
full_name: array<string>, counts: bigint, avg_Retweet: double, avg_Replies: double, avg_Like: double, avg_Quotes: double
Sort [counts#108L DESC NULLS LAST], true
+- Aggregate [includes#1.places.full_name], [includes#1.places.full_name AS full_name#118, count(includes#1.places.full_name) AS counts#108L, avg(data#0.public_metrics.retweet_count) AS avg_Retweet#110, avg(data#0.public_metrics.reply_count) AS avg_Replies#112, avg(data#0.public_metrics.like_count) AS avg_Like#114, avg(data#0.public_metrics.quote_count) AS avg_Quotes#116]
   +- Relation[data#0,includes#1,matching_rules#2] json

== Optimized Logical Plan ==
Sort [counts#108L DESC NULLS LAST], true
+- Aggregate [includes#1.places.full_name], [includes#1.places.full_name AS full_name#118, count(includes#1.places.full_name) AS counts#108L, avg(data#0.public_metrics.retweet_count) AS avg_Retweet#110, avg(data#0.public_metrics.reply_count) AS avg_Replies#112, avg(data#0.public_metrics.like_count) AS avg_Like#114, avg(data#0.public_metrics.quote_count) AS avg_Quotes#116]
   +- Project [data#0, includes#1]
      +- Relation[data#0,includes#1,matching_rules#2] json

== Physical Plan ==
*(3) Sort [counts#108L DESC NULLS LAST], true, 0
+- Exchange rangepartitioning(counts#108L DESC NULLS LAST, 200)
   +- *(2) HashAggregate(keys=[includes#1.places.full_name#171], functions=[count(includes#1.places.full_name), avg(data#0.public_metrics.retweet_count), avg(data#0.public_metrics.reply_count), avg(data#0.public_metrics.like_count), avg(data#0.public_metrics.quote_count)], output=[full_name#118, counts#108L, avg_Retweet#110, avg_Replies#112, avg_Like#114, avg_Quotes#116])
      +- Exchange hashpartitioning(includes#1.places.full_name#171, 200)
         +- *(1) HashAggregate(keys=[includes#1.places.full_name AS includes#1.places.full_name#171], functions=[partial_count(includes#1.places.full_name), partial_avg(data#0.public_metrics.retweet_count), partial_avg(data#0.public_metrics.reply_count), partial_avg(data#0.public_metrics.like_count), partial_avg(data#0.public_metrics.quote_count)], output=[includes#1.places.full_name#171, count#158L, sum#159, count#160L, sum#161, count#162L, sum#163, count#164L, sum#165, count#166L])
            +- *(1) FileScan json [data#0,includes#1] Batched: false, Format: JSON, Location: InMemoryFileIndex[file:/home/cjen/210104-usf-bigdata/week6/tweetsapp/BTS_geoOnly_210215_morning_C..., PartitionFilters: [], PushedFilters: [], ReadSchema: struct<data:struct<created_at:string,geo:struct<place_id:string>,id:string,lang:string,public_met...
(4) MapPartitionsRDD[73] at rdd at Runner.scala:74 []
 |  SQLExecutionRDD[72] at rdd at Runner.scala:74 []
 |  MapPartitionsRDD[71] at rdd at Runner.scala:74 []
 |  MapPartitionsRDD[70] at rdd at Runner.scala:74 []
 |  ShuffledRowRDD[69] at rdd at Runner.scala:74 []
 +-(200) MapPartitionsRDD[68] at rdd at Runner.scala:74 []
     |   MapPartitionsRDD[64] at rdd at Runner.scala:74 []
     |   ShuffledRowRDD[63] at rdd at Runner.scala:74 []
     +-(1) MapPartitionsRDD[62] at rdd at Runner.scala:74 []
        |  MapPartitionsRDD[61] at rdd at Runner.scala:74 []
        |  FileScanRDD[60] at rdd at Runner.scala:74 []
+--------------------------------+------+-----------+-----------+--------+----------+-----+
|full_name                       |counts|avg_Retweet|avg_Replies|avg_Like|avg_Quotes|index|
+--------------------------------+------+-----------+-----------+--------+----------+-----+
|[Montevideo, Uruguay]           |2     |0.0        |0.0        |0.0     |0.0       |1    |
|[Dubai, United Arab Emirates]   |2     |0.0        |0.0        |0.0     |0.0       |2    |
|[Gwangjin-gu, Republic of Korea]|1     |0.0        |0.0        |0.0     |0.0       |3    |
|[Moscow, Russia]                |1     |0.0        |0.0        |0.0     |0.0       |4    |
|[Tunisia]                       |1     |0.0        |0.0        |0.0     |0.0       |5    |
|[Ribeirão Pires, Brasil]        |1     |0.0        |0.0        |0.0     |0.0       |6    |
|[Saint Petersburg, Russia]      |1     |0.0        |0.0        |0.0     |0.0       |7    |
|[Chatuchak, Thailand]           |1     |0.0        |0.0        |0.0     |0.0       |8    |
|[Paris, France]                 |1     |0.0        |0.0        |0.0     |0.0       |9    |
+--------------------------------+------+-----------+-----------+--------+----------+-----+

