[0m2021.02.11 08:48:41 INFO  Started: Metals version 0.9.10 in workspace '/home/clair/project-2/hashtagassociation' for client vscode 1.53.1.[0m
[0m2021.02.11 08:48:41 INFO  time: initialize in 0.51s[0m
[0m2021.02.11 08:48:43 WARN  Build server is not auto-connectable.[0m
[0m2021.02.11 08:48:45 INFO  running '/usr/lib/jvm/java-8-openjdk-amd64/bin/java -Djline.terminal=jline.UnsupportedTerminal -Dsbt.log.noformat=true -Dfile.encoding=UTF-8 -jar /tmp/metals5667295247408039919/sbt-launch.jar -Dbloop.export-jar-classifiers=sources bloopInstall'[0m
[0m2021.02.11 08:48:45 WARN  no build target for: /home/clair/project-2/hashtagassociation/project/metals.sbt[0m
[0m2021.02.11 08:48:45 WARN  no build target for: /home/clair/project-2/hashtagassociation/project/project/metals.sbt[0m
[0m2021.02.11 08:48:45 WARN  Unable to produce semanticdb for /home/clair/project-2/hashtagassociation/project/metals.sbt[0m
[0m2021.02.11 08:48:45 WARN  Unable to produce semanticdb for /home/clair/project-2/hashtagassociation/project/project/metals.sbt[0m
[0m2021.02.11 08:48:45 INFO  skipping build import with status 'Started'[0m
[0m2021.02.11 08:48:53 INFO  [info] welcome to sbt 1.4.7 (Private Build Java 1.8.0_275)[0m
[0m2021.02.11 08:48:57 INFO  [info] loading settings for project hashtagassociation-build-build-build from metals.sbt ...[0m
[0m2021.02.11 08:48:58 INFO  [info] loading project definition from /home/clair/project-2/hashtagassociation/project/project/project[0m
[0m2021.02.11 08:49:02 INFO  [info] loading settings for project hashtagassociation-build-build from metals.sbt ...[0m
[0m2021.02.11 08:49:02 INFO  [info] loading project definition from /home/clair/project-2/hashtagassociation/project/project[0m
[0m2021.02.11 08:49:05 INFO  [success] Generated .bloop/hashtagassociation-build-build.json[0m
[0m2021.02.11 08:49:05 INFO  [success] Total time: 3 s, completed Feb 11, 2021 8:49:05 AM[0m
[0m2021.02.11 08:49:06 INFO  [info] loading settings for project hashtagassociation-build from metals.sbt,plugins.sbt ...[0m
[0m2021.02.11 08:49:06 INFO  [info] loading project definition from /home/clair/project-2/hashtagassociation/project[0m
[0m2021.02.11 08:49:08 INFO  [success] Generated .bloop/hashtagassociation-build.json[0m
[0m2021.02.11 08:49:08 INFO  [info] compiling 1 Scala source to /home/clair/project-2/hashtagassociation/project/target/scala-2.12/sbt-1.0/classes ...[0m
[0m2021.02.11 08:49:13 INFO  [info] done compiling[0m
[0m2021.02.11 08:49:13 INFO  [success] Total time: 7 s, completed Feb 11, 2021 8:49:13 AM[0m
[0m2021.02.11 08:49:16 INFO  [info] loading settings for project root from build.sbt ...[0m
[0m2021.02.11 08:49:16 INFO  [info] set current project to hashtagassociation (in build file:/home/clair/project-2/hashtagassociation/)[0m
[0m2021.02.11 08:49:22 INFO  [success] Generated .bloop/root.json[0m
[0m2021.02.11 08:49:22 INFO  [success] Generated .bloop/root-test.json[0m
[0m2021.02.11 08:49:22 INFO  [success] Total time: 6 s, completed Feb 11, 2021 8:49:22 AM[0m
[0m2021.02.11 08:49:22 INFO  sbt bloopInstall exit: 0[0m
[0m2021.02.11 08:49:22 INFO  time: ran 'sbt bloopInstall' in 37s[0m
[0m2021.02.11 08:49:22 INFO  Attempting to connect to the build server...[0m
Starting the bsp launcher for bloop...
Opening a bsp server connection with 'bsp --protocol local --socket /tmp/bsp-launcher3059739702301327926/bsp.socket'...
Waiting for the bsp connection to come up...
Waiting for the bsp connection to come up...
Waiting for the bsp connection to come up...
Waiting for the bsp connection to come up...
Waiting for the bsp connection to come up...
Waiting for the bsp connection to come up...
No server running at 127.0.0.1:8212, let's fire one...
Resolving ch.epfl.scala:bloop-frontend_2.12:1.4.6-21-464e4ec4...
Starting bloop server at 127.0.0.1:8212...
Attempting a connection to the server...
Attempting a connection to the server...
Attempting a connection to the server...
Attempting a connection to the server...
Attempting a connection to the server...
[0m[32m[D][0m Loading 2 projects from '/home/clair/project-2/hashtagassociation/.bloop'...
[0m[32m[D][0m Loading project from '/home/clair/project-2/hashtagassociation/.bloop/root-test.json'
[0m[32m[D][0m Loading project from '/home/clair/project-2/hashtagassociation/.bloop/root.json'
[0m[32m[D][0m Cache miss for scala instance org.scala-lang:scala-compiler:2.11.12.
[0m[32m[D][0m   => /home/clair/.cache/coursier/v1/https/repo1.maven.org/maven2/jline/jline/2.14.3/jline-2.14.3.jar
[0m[32m[D][0m   => /home/clair/.cache/coursier/v1/https/repo1.maven.org/maven2/org/scala-lang/modules/scala-parser-combinators_2.11/1.0.4/scala-parser-combinators_2.11-1.0.4.jar
[0m[32m[D][0m   => /home/clair/.cache/coursier/v1/https/repo1.maven.org/maven2/org/scala-lang/modules/scala-xml_2.11/1.0.5/scala-xml_2.11-1.0.5.jar
[0m[32m[D][0m   => /home/clair/.cache/coursier/v1/https/repo1.maven.org/maven2/org/scala-lang/scala-compiler/2.11.12/scala-compiler-2.11.12.jar
[0m[32m[D][0m   => /home/clair/.cache/coursier/v1/https/repo1.maven.org/maven2/org/scala-lang/scala-library/2.11.12/scala-library-2.11.12.jar
[0m[32m[D][0m   => /home/clair/.cache/coursier/v1/https/repo1.maven.org/maven2/org/scala-lang/scala-reflect/2.11.12/scala-reflect-2.11.12.jar
[0m[32m[D][0m Missing analysis file for project 'root'
[0m[32m[D][0m Missing analysis file for project 'root-test'
[0m[32m[D][0m Waiting for a connection at local:///tmp/bsp-launcher3059739702301327926/bsp.socket...
The server is listening for incoming connections at local:///tmp/bsp-launcher3059739702301327926/bsp.socket...
Starting thread that pumps stdin and redirects it to the bsp server...
Starting thread that pumps server stdout and redirects it to the client stdout...
[0m2021.02.11 08:49:33 INFO  tracing is disabled for protocol BSP, to enable tracing of incoming and outgoing JSON messages create an empty file at /home/clair/.cache/metals/bsp.trace.json[0m
[0m2021.02.11 08:49:33 INFO  Attempting to connect to the build server...[0m
[0m2021.02.11 08:49:33 INFO  Attempting to connect to the build server...[0m
Starting the bsp launcher for bloop...
Opening a bsp server connection with 'bsp --protocol local --socket /tmp/bsp-launcher5502933252381950353/bsp.socket'...
Starting the bsp launcher for bloop...
Opening a bsp server connection with 'bsp --protocol local --socket /tmp/bsp-launcher4481021875492541905/bsp.socket'...
Waiting for the bsp connection to come up...
Waiting for the bsp connection to come up...
[0m[32m[D][0m Loading workspace settings from bloop.settings.json
[0m[32m[D][0m Waiting for a connection at local:///tmp/bsp-launcher4481021875492541905/bsp.socket...
The server is listening for incoming connections at local:///tmp/bsp-launcher4481021875492541905/bsp.socket...
Starting thread that pumps stdin and redirects it to the bsp server...
Starting thread that pumps server stdout and redirects it to the client stdout...
[0m2021.02.11 08:49:34 INFO  tracing is disabled for protocol BSP, to enable tracing of incoming and outgoing JSON messages create an empty file at /home/clair/.cache/metals/bsp.trace.json[0m
[0m[32m[D][0m Loading workspace settings from bloop.settings.json
[0m[32m[D][0m Waiting for a connection at local:///tmp/bsp-launcher5502933252381950353/bsp.socket...
The server is listening for incoming connections at local:///tmp/bsp-launcher5502933252381950353/bsp.socket...
Starting thread that pumps stdin and redirects it to the bsp server...
Starting thread that pumps server stdout and redirects it to the client stdout...
[0m2021.02.11 08:49:34 INFO  tracing is disabled for protocol BSP, to enable tracing of incoming and outgoing JSON messages create an empty file at /home/clair/.cache/metals/bsp.trace.json[0m
[0m2021.02.11 08:49:34 INFO  time: connected to build server in 11s[0m
[0m2021.02.11 08:49:34 INFO  Connected to Build server v1.4.6-21-464e4ec4[0m
[0m2021.02.11 08:49:34 INFO  time: imported build in 0.32s[0m
[0m2021.02.11 08:49:36 WARN  Could not find java sources in None. Java symbols will not be available.[0m
[0m2021.02.11 08:49:43 INFO  time: indexed workspace in 9.04s[0m
[0m2021.02.11 08:51:14 INFO  compiling root (1 scala source)[0m
[0m2021.02.11 08:51:24 INFO  time: compiled root in 9.67s[0m
[0m2021.02.11 14:13:16 INFO  shutting down Metals[0m
[0m2021.02.11 14:13:17 INFO  Shut down connection with build server.[0m
[0m2021.02.11 14:13:17 INFO  Shut down connection with build server.[0m
[0m2021.02.11 14:13:17 INFO  Shut down connection with build server.[0m
No more data in the client stdin, exiting...
No more data in the client stdin, exiting...
No more data in the client stdin, exiting...
No more data in the server stdin, exiting...
No more data in the server stdin, exiting...
No more data in the server stdin, exiting...
No more data in the server stdin, exiting...
No more data in the server stdin, exiting...
No more data in the server stdin, exiting...
[0m2021.02.11 14:39:24 INFO  Started: Metals version 0.9.10 in workspace '/home/clair/project-2/hashtagassociation' for client vscode 1.53.2.[0m
[0m2021.02.11 14:39:25 INFO  time: initialize in 0.66s[0m
[0m2021.02.11 14:39:27 INFO  Attempting to connect to the build server...[0m
Starting the bsp launcher for bloop...
Opening a bsp server connection with 'bsp --protocol local --socket /tmp/bsp-launcher485794594177600823/bsp.socket'...
Waiting for the bsp connection to come up...
[0m2021.02.11 14:39:27 INFO  skipping build import with status 'Installed'[0m
Waiting for the bsp connection to come up...
Waiting for the bsp connection to come up...
[0m2021.02.11 14:39:30 INFO  no build target: using presentation compiler with only scala-library[0m
Waiting for the bsp connection to come up...
Waiting for the bsp connection to come up...
Waiting for the bsp connection to come up...
Waiting for the bsp connection to come up...
[0m2021.02.11 14:39:34 WARN  no build target for: /home/clair/project-2/hashtagassociation/src/main/scala/com/revature/hashtagassociation/Runner.scala[0m
No server running at 127.0.0.1:8212, let's fire one...
Resolving ch.epfl.scala:bloop-frontend_2.12:1.4.6-21-464e4ec4...
Starting bloop server at 127.0.0.1:8212...
Attempting a connection to the server...
Attempting a connection to the server...
Attempting a connection to the server...
Attempting a connection to the server...
Attempting a connection to the server...
Attempting a connection to the server...
Attempting a connection to the server...
[0m[32m[D][0m Loading workspace settings from bloop.settings.json
[0m[32m[D][0m Loading 2 projects from '/home/clair/project-2/hashtagassociation/.bloop'...
[0m[32m[D][0m Loading project from '/home/clair/project-2/hashtagassociation/.bloop/root-test.json'
[0m[32m[D][0m Loading project from '/home/clair/project-2/hashtagassociation/.bloop/root.json'
[0m[32m[D][0m Cache miss for scala instance org.scala-lang:scala-compiler:2.11.12.
[0m[32m[D][0m   => /home/clair/.cache/coursier/v1/https/repo1.maven.org/maven2/jline/jline/2.14.3/jline-2.14.3.jar
[0m[32m[D][0m   => /home/clair/.cache/coursier/v1/https/repo1.maven.org/maven2/org/scala-lang/modules/scala-parser-combinators_2.11/1.0.4/scala-parser-combinators_2.11-1.0.4.jar
[0m[32m[D][0m   => /home/clair/.cache/coursier/v1/https/repo1.maven.org/maven2/org/scala-lang/modules/scala-xml_2.11/1.0.5/scala-xml_2.11-1.0.5.jar
[0m[32m[D][0m   => /home/clair/.cache/coursier/v1/https/repo1.maven.org/maven2/org/scala-lang/scala-compiler/2.11.12/scala-compiler-2.11.12.jar
[0m[32m[D][0m   => /home/clair/.cache/coursier/v1/https/repo1.maven.org/maven2/org/scala-lang/scala-library/2.11.12/scala-library-2.11.12.jar
[0m[32m[D][0m   => /home/clair/.cache/coursier/v1/https/repo1.maven.org/maven2/org/scala-lang/scala-reflect/2.11.12/scala-reflect-2.11.12.jar
[0m[32m[D][0m Configured SemanticDB in projects 'root', 'root-test'
[0m[32m[D][0m Missing analysis file for project 'root-test'
[0m[32m[D][0m Loading previous analysis for 'root' from '/home/clair/project-2/hashtagassociation/target/streams/compile/bloopAnalysisOut/_global/streams/inc_compile_2.11.zip'.
[0m[32m[D][0m Waiting for a connection at local:///tmp/bsp-launcher485794594177600823/bsp.socket...
The server is listening for incoming connections at local:///tmp/bsp-launcher485794594177600823/bsp.socket...
Starting thread that pumps stdin and redirects it to the bsp server...
Starting thread that pumps server stdout and redirects it to the client stdout...
[0m2021.02.11 14:39:34 INFO  tracing is disabled for protocol BSP, to enable tracing of incoming and outgoing JSON messages create an empty file at /home/clair/.cache/metals/bsp.trace.json[0m
[0m2021.02.11 14:39:34 INFO  Attempting to connect to the build server...[0m
Starting the bsp launcher for bloop...
[0m2021.02.11 14:39:34 INFO Opening a bsp server connection with 'bsp --protocol local --socket /tmp/bsp-launcher7530492345164276019/bsp.socket'... Attempting to connect to the build server...
[0m
Starting the bsp launcher for bloop...
Opening a bsp server connection with 'bsp --protocol local --socket /tmp/bsp-launcher3384596453879352550/bsp.socket'...
Waiting for the bsp connection to come up...
Waiting for the bsp connection to come up...
[0m[32m[D][0m Loading workspace settings from bloop.settings.json
[0m[32m[D][0m Waiting for a connection at local:///tmp/bsp-launcher3384596453879352550/bsp.socket...
The server is listening for incoming connections at local:///tmp/bsp-launcher3384596453879352550/bsp.socket...
Starting thread that pumps stdin and redirects it to the bsp server...
Starting thread that pumps server stdout and redirects it to the client stdout...
[0m2021.02.11 14:39:35 INFO  tracing is disabled for protocol BSP, to enable tracing of incoming and outgoing JSON messages create an empty file at /home/clair/.cache/metals/bsp.trace.json[0m
[0m[32m[D][0m Loading workspace settings from bloop.settings.json
[0m[32m[D][0m Waiting for a connection at local:///tmp/bsp-launcher7530492345164276019/bsp.socket...
The server is listening for incoming connections at local:///tmp/bsp-launcher7530492345164276019/bsp.socket...
Starting thread that pumps stdin and redirects it to the bsp server...
Starting thread that pumps server stdout and redirects it to the client stdout...
[0m2021.02.11 14:39:35 INFO  tracing is disabled for protocol BSP, to enable tracing of incoming and outgoing JSON messages create an empty file at /home/clair/.cache/metals/bsp.trace.json[0m
[0m2021.02.11 14:39:35 INFO  time: connected to build server in 8.04s[0m
[0m2021.02.11 14:39:35 INFO  Connected to Build server v1.4.6-21-464e4ec4[0m
[0m2021.02.11 14:39:35 INFO  time: imported build in 0.83s[0m
[0m2021.02.11 14:39:40 WARN  Could not find java sources in None. Java symbols will not be available.[0m
[0m2021.02.11 14:39:43 INFO  time: indexed workspace in 7.11s[0m
[0m2021.02.11 15:08:51 INFO  compiling root (1 scala source)[0m
[0m2021.02.11 15:08:59 INFO  time: compiled root in 7.62s[0m
[0m2021.02.11 15:39:07 INFO  compiling root (1 scala source)[0m
[0m2021.02.11 15:39:10 INFO  time: compiled root in 2.31s[0m
Feb 11, 2021 3:39:23 PM org.eclipse.lsp4j.jsonrpc.RemoteEndpoint handleCancellation
WARNING: Unmatched cancel notification for request id 237
[0m2021.02.11 15:39:42 INFO  compiling root (1 scala source)[0m
[0m2021.02.11 15:39:44 INFO  time: compiled root in 1.7s[0m
[0m2021.02.11 15:55:33 INFO  compiling root (1 scala source)[0m
[0m2021.02.11 15:55:35 INFO  time: compiled root in 1.63s[0m
[0m2021.02.11 16:03:01 INFO  shutting down Metals[0m
[0m2021.02.11 16:03:01 INFO  Shut down connection with build server.[0m
[0m2021.02.11 16:03:01 INFO  Shut down connection with build server.[0mNo more data in the client stdin, exiting...

[0m2021.02.11 16:03:01 INFO  Shut down connection with build server.[0m
No more data in the client stdin, exiting...
No more data in the client stdin, exiting...
No more data in the server stdin, exiting...
No more data in the server stdin, exiting...
No more data in the server stdin, exiting...
No more data in the server stdin, exiting...
[0m2021.02.11 16:03:43 INFO  Started: Metals version 0.9.10 in workspace '/home/clair/project-2/hashtagassociation' for client vscode 1.53.2.[0m
[0m2021.02.11 16:03:44 INFO  time: initialize in 0.48s[0m
[0m2021.02.11 16:03:45 INFO  Attempting to connect to the build server...[0m
Starting the bsp launcher for bloop...
Opening a bsp server connection with 'bsp --protocol local --socket /tmp/bsp-launcher5345635051524931447/bsp.socket'...
Waiting for the bsp connection to come up...
[0m2021.02.11 16:03:45 INFO  skipping build import with status 'Installed'[0m
Waiting for the bsp connection to come up...
Waiting for the bsp connection to come up...
[0m2021.02.11 16:03:47 INFO  no build target: using presentation compiler with only scala-library[0m
Waiting for the bsp connection to come up...
Waiting for the bsp connection to come up...
Waiting for the bsp connection to come up...
[0m2021.02.11 16:03:51 WARN  no build target for: /home/clair/project-2/hashtagassociation/src/main/scala/com/revature/hashtagassociation/Runner.scala[0m
No server running at 127.0.0.1:8212, let's fire one...
Resolving ch.epfl.scala:bloop-frontend_2.12:1.4.6-21-464e4ec4...
Starting bloop server at 127.0.0.1:8212...
Attempting a connection to the server...
Attempting a connection to the server...
Attempting a connection to the server...
Attempting a connection to the server...
Attempting a connection to the server...
[0m[32m[D][0m Loading workspace settings from bloop.settings.json
[0m[32m[D][0m Loading 2 projects from '/home/clair/project-2/hashtagassociation/.bloop'...
[0m[32m[D][0m Loading project from '/home/clair/project-2/hashtagassociation/.bloop/root.json'
[0m[32m[D][0m Loading project from '/home/clair/project-2/hashtagassociation/.bloop/root-test.json'
[0m[32m[D][0m Cache miss for scala instance org.scala-lang:scala-compiler:2.11.12.
[0m[32m[D][0m   => /home/clair/.cache/coursier/v1/https/repo1.maven.org/maven2/jline/jline/2.14.3/jline-2.14.3.jar
[0m[32m[D][0m   => /home/clair/.cache/coursier/v1/https/repo1.maven.org/maven2/org/scala-lang/modules/scala-parser-combinators_2.11/1.0.4/scala-parser-combinators_2.11-1.0.4.jar
[0m[32m[D][0m   => /home/clair/.cache/coursier/v1/https/repo1.maven.org/maven2/org/scala-lang/modules/scala-xml_2.11/1.0.5/scala-xml_2.11-1.0.5.jar
[0m[32m[D][0m   => /home/clair/.cache/coursier/v1/https/repo1.maven.org/maven2/org/scala-lang/scala-compiler/2.11.12/scala-compiler-2.11.12.jar
[0m[32m[D][0m   => /home/clair/.cache/coursier/v1/https/repo1.maven.org/maven2/org/scala-lang/scala-library/2.11.12/scala-library-2.11.12.jar
[0m[32m[D][0m   => /home/clair/.cache/coursier/v1/https/repo1.maven.org/maven2/org/scala-lang/scala-reflect/2.11.12/scala-reflect-2.11.12.jar
[0m[32m[D][0m Configured SemanticDB in projects 'root', 'root-test'
[0m[32m[D][0m Missing analysis file for project 'root-test'
[0m[32m[D][0m Loading previous analysis for 'root' from '/home/clair/project-2/hashtagassociation/target/streams/compile/bloopAnalysisOut/_global/streams/inc_compile_2.11.zip'.
[0m[32m[D][0m Waiting for a connection at local:///tmp/bsp-launcher5345635051524931447/bsp.socket...
The server is listening for incoming connections at local:///tmp/bsp-launcher5345635051524931447/bsp.socket...
Starting thread that pumps stdin and redirects it to the bsp server...
Starting thread that pumps server stdout and redirects it to the client stdout...
[0m2021.02.11 16:03:51 INFO  tracing is disabled for protocol BSP, to enable tracing of incoming and outgoing JSON messages create an empty file at /home/clair/.cache/metals/bsp.trace.json[0m
[0m2021.02.11 16:03:51 INFO  Attempting to connect to the build server...[0m
Starting the bsp launcher for bloop...
[0m2021.02.11 16:03:51 INFO  Attempting to connect to the build server...[0m
Opening a bsp server connection with 'bsp --protocol local --socket /tmp/bsp-launcher1213721431047907955/bsp.socket'...
Waiting for the bsp connection to come up...
Starting the bsp launcher for bloop...
Opening a bsp server connection with 'bsp --protocol local --socket /tmp/bsp-launcher1301266363821335352/bsp.socket'...
Waiting for the bsp connection to come up...
[0m[32m[D][0m Loading workspace settings from bloop.settings.json
[0m[32m[D][0m Waiting for a connection at local:///tmp/bsp-launcher1301266363821335352/bsp.socket...
The server is listening for incoming connections at local:///tmp/bsp-launcher1301266363821335352/bsp.socket...
Starting thread that pumps stdin and redirects it to the bsp server...
Starting thread that pumps server stdout and redirects it to the client stdout...
[0m2021.02.11 16:03:51 INFO  tracing is disabled for protocol BSP, to enable tracing of incoming and outgoing JSON messages create an empty file at /home/clair/.cache/metals/bsp.trace.json[0m
[0m[32m[D][0m Loading workspace settings from bloop.settings.json
[0m[32m[D][0m Waiting for a connection at local:///tmp/bsp-launcher1213721431047907955/bsp.socket...
The server is listening for incoming connections at local:///tmp/bsp-launcher1213721431047907955/bsp.socket...
Starting thread that pumps stdin and redirects it to the bsp server...
Starting thread that pumps server stdout and redirects it to the client stdout...
[0m2021.02.11 16:03:52 INFO  tracing is disabled for protocol BSP, to enable tracing of incoming and outgoing JSON messages create an empty file at /home/clair/.cache/metals/bsp.trace.json[0m
[0m2021.02.11 16:03:52 INFO  time: connected to build server in 6.78s[0m
[0m2021.02.11 16:03:52 INFO  Connected to Build server v1.4.6-21-464e4ec4[0m
[0m2021.02.11 16:03:52 INFO  time: imported build in 0.87s[0m
[0m2021.02.11 16:03:57 WARN  Could not find java sources in None. Java symbols will not be available.[0m
[0m2021.02.11 16:04:00 INFO  time: indexed workspace in 7.06s[0m
[0m2021.02.11 16:30:05 INFO  compiling root (1 scala source)[0m
[0m2021.02.11 16:30:11 INFO  time: compiled root in 5.7s[0m
[0m2021.02.11 17:35:28 INFO  shutting down Metals[0m
[0m2021.02.11 17:35:28 INFO  Shut down connection with build server.[0m
No more data in the client stdin, exiting...
[0m2021.02.11 17:35:28 INFO  Shut down connection with build server.[0m
No more data in the client stdin, exiting...
[0m2021.02.11 17:35:28 INFO  Shut down connection with build server.[0m
No more data in the client stdin, exiting...
No more data in the server stdin, exiting...
No more data in the server stdin, exiting...
No more data in the server stdin, exiting...
No more data in the server stdin, exiting...
No more data in the server stdin, exiting...
No more data in the server stdin, exiting...
[0m2021.02.11 17:35:42 INFO  Started: Metals version 0.9.10 in workspace '/home/clair/project-2/hashtagassociation' for client vscode 1.53.2.[0m
[0m2021.02.11 17:35:42 INFO  time: initialize in 0.65s[0m
[0m2021.02.11 17:35:44 INFO  Attempting to connect to the build server...[0m
Starting the bsp launcher for bloop...
Opening a bsp server connection with 'bsp --protocol local --socket /tmp/bsp-launcher6962911713580493463/bsp.socket'...
Waiting for the bsp connection to come up...
[0m2021.02.11 17:35:44 INFO  skipping build import with status 'Installed'[0m
Waiting for the bsp connection to come up...
Waiting for the bsp connection to come up...
[0m2021.02.11 17:35:47 INFO  no build target: using presentation compiler with only scala-library[0m
Waiting for the bsp connection to come up...
Waiting for the bsp connection to come up...
Waiting for the bsp connection to come up...
Waiting for the bsp connection to come up...
Waiting for the bsp connection to come up...
No server running at 127.0.0.1:8212, let's fire one...
Resolving ch.epfl.scala:bloop-frontend_2.12:1.4.6-21-464e4ec4...
Starting bloop server at 127.0.0.1:8212...
Attempting a connection to the server...
Attempting a connection to the server...
Attempting a connection to the server...
Attempting a connection to the server...
Attempting a connection to the server...
Attempting a connection to the server...
Attempting a connection to the server...
Attempting a connection to the server...
Attempting a connection to the server...
Attempting a connection to the server...
[0m[32m[D][0m Loading workspace settings from bloop.settings.json
[0m[32m[D][0m Loading 2 projects from '/home/clair/project-2/hashtagassociation/.bloop'...
[0m[32m[D][0m Loading project from '/home/clair/project-2/hashtagassociation/.bloop/root-test.json'
[0m[32m[D][0m Loading project from '/home/clair/project-2/hashtagassociation/.bloop/root.json'
[0m[32m[D][0m Cache miss for scala instance org.scala-lang:scala-compiler:2.11.12.
[0m[32m[D][0m   => /home/clair/.cache/coursier/v1/https/repo1.maven.org/maven2/jline/jline/2.14.3/jline-2.14.3.jar
[0m[32m[D][0m   => /home/clair/.cache/coursier/v1/https/repo1.maven.org/maven2/org/scala-lang/modules/scala-parser-combinators_2.11/1.0.4/scala-parser-combinators_2.11-1.0.4.jar
[0m[32m[D][0m   => /home/clair/.cache/coursier/v1/https/repo1.maven.org/maven2/org/scala-lang/modules/scala-xml_2.11/1.0.5/scala-xml_2.11-1.0.5.jar
[0m[32m[D][0m   => /home/clair/.cache/coursier/v1/https/repo1.maven.org/maven2/org/scala-lang/scala-compiler/2.11.12/scala-compiler-2.11.12.jar
[0m[32m[D][0m   => /home/clair/.cache/coursier/v1/https/repo1.maven.org/maven2/org/scala-lang/scala-library/2.11.12/scala-library-2.11.12.jar
[0m[32m[D][0m   => /home/clair/.cache/coursier/v1/https/repo1.maven.org/maven2/org/scala-lang/scala-reflect/2.11.12/scala-reflect-2.11.12.jar
[0m[32m[D][0m Configured SemanticDB in projects 'root-test', 'root'
[0m[32m[D][0m Missing analysis file for project 'root-test'
[0m[32m[D][0m Loading previous analysis for 'root' from '/home/clair/project-2/hashtagassociation/target/streams/compile/bloopAnalysisOut/_global/streams/inc_compile_2.11.zip'.
[0m[32m[D][0m Waiting for a connection at local:///tmp/bsp-launcher6962911713580493463/bsp.socket...
The server is listening for incoming connections at local:///tmp/bsp-launcher6962911713580493463/bsp.socket...
Starting thread that pumps stdin and redirects it to the bsp server...
Starting thread that pumps server stdout and redirects it to the client stdout...
[0m2021.02.11 17:35:53 INFO  tracing is disabled for protocol BSP, to enable tracing of incoming and outgoing JSON messages create an empty file at /home/clair/.cache/metals/bsp.trace.json[0m
[0m2021.02.11 17:35:53 INFO  Attempting to connect to the build server...[0m
Starting the bsp launcher for bloop...
[0m2021.02.11 17:35:53 INFO  Attempting to connect to the build server...[0m
Opening a bsp server connection with 'bsp --protocol local --socket /tmp/bsp-launcher7867412797242981944/bsp.socket'...
Starting the bsp launcher for bloop...
Opening a bsp server connection with 'bsp --protocol local --socket /tmp/bsp-launcher9190715238113716481/bsp.socket'...
Waiting for the bsp connection to come up...
Waiting for the bsp connection to come up...
[0m[32m[D][0m Loading workspace settings from bloop.settings.json
[0m[32m[D][0m Waiting for a connection at local:///tmp/bsp-launcher7867412797242981944/bsp.socket...
The server is listening for incoming connections at local:///tmp/bsp-launcher7867412797242981944/bsp.socket...
[0m[32m[D][0m Loading workspace settings from bloop.settings.json
[0m[32m[D][0m Waiting for a connection at local:///tmp/bsp-launcher9190715238113716481/bsp.socket...
The server is listening for incoming connections at local:///tmp/bsp-launcher9190715238113716481/bsp.socket...
Starting thread that pumps stdin and redirects it to the bsp server...
Starting thread that pumps server stdout and redirects it to the client stdout...
[0m2021.02.11 17:35:54 INFO  tracing is disabled for protocol BSP, to enable tracing of incoming and outgoing JSON messages create an empty file at /home/clair/.cache/metals/bsp.trace.json[0m
Starting thread that pumps stdin and redirects it to the bsp server...
Starting thread that pumps server stdout and redirects it to the client stdout...
[0m2021.02.11 17:35:54 INFO  tracing is disabled for protocol BSP, to enable tracing of incoming and outgoing JSON messages create an empty file at /home/clair/.cache/metals/bsp.trace.json[0m
[0m2021.02.11 17:35:54 INFO  time: connected to build server in 10s[0m
[0m2021.02.11 17:35:54 INFO  Connected to Build server v1.4.6-21-464e4ec4[0m
[0m2021.02.11 17:35:54 INFO  time: imported build in 0.27s[0m
[0m2021.02.11 17:35:58 INFO  shutting down Metals[0m
[0m2021.02.11 17:35:58 INFO  Shut down connection with build server.[0m
No more data in the client stdin, exiting...
[0m2021.02.11 17:35:58 INFO  Shut down connection with build server.[0m
No more data in the client stdin, exiting...
[0m2021.02.11 17:35:58 INFO  Shut down connection with build server.[0m
[0m2021.02.11 17:36:00 WARN  Could not find java sources in None. Java symbols will not be available.[0m
[0m2021.02.12 13:37:48 INFO  Started: Metals version 0.9.10 in workspace '/home/clair/project-2/hashtagassociation' for client vscode 1.53.2.[0m
[0m2021.02.12 13:37:49 INFO  time: initialize in 1.24s[0m
[0m2021.02.12 13:37:52 INFO  Attempting to connect to the build server...[0m
Starting the bsp launcher for bloop...
Opening a bsp server connection with 'bsp --protocol local --socket /tmp/bsp-launcher3201036853871445087/bsp.socket'...
Waiting for the bsp connection to come up...
[0m2021.02.12 13:37:52 INFO  skipping build import with status 'Installed'[0m
Waiting for the bsp connection to come up...
Waiting for the bsp connection to come up...
[0m2021.02.12 13:37:55 INFO  no build target: using presentation compiler with only scala-library[0m
Waiting for the bsp connection to come up...
Waiting for the bsp connection to come up...
No server running at 127.0.0.1:8212, let's fire one...
Resolving ch.epfl.scala:bloop-frontend_2.12:1.4.6-21-464e4ec4...
Starting bloop server at 127.0.0.1:8212...
Attempting a connection to the server...
Attempting a connection to the server...
Attempting a connection to the server...
Attempting a connection to the server...
Attempting a connection to the server...
Attempting a connection to the server...
[0m[32m[D][0m Loading workspace settings from bloop.settings.json
[0m[32m[D][0m Loading 2 projects from '/home/clair/project-2/hashtagassociation/.bloop'...
[0m[32m[D][0m Loading project from '/home/clair/project-2/hashtagassociation/.bloop/root-test.json'
[0m[32m[D][0m Loading project from '/home/clair/project-2/hashtagassociation/.bloop/root.json'
[0m[32m[D][0m Cache miss for scala instance org.scala-lang:scala-compiler:2.11.12.
[0m[32m[D][0m   => /home/clair/.cache/coursier/v1/https/repo1.maven.org/maven2/jline/jline/2.14.3/jline-2.14.3.jar
[0m[32m[D][0m   => /home/clair/.cache/coursier/v1/https/repo1.maven.org/maven2/org/scala-lang/modules/scala-parser-combinators_2.11/1.0.4/scala-parser-combinators_2.11-1.0.4.jar
[0m[32m[D][0m   => /home/clair/.cache/coursier/v1/https/repo1.maven.org/maven2/org/scala-lang/modules/scala-xml_2.11/1.0.5/scala-xml_2.11-1.0.5.jar
[0m[32m[D][0m   => /home/clair/.cache/coursier/v1/https/repo1.maven.org/maven2/org/scala-lang/scala-compiler/2.11.12/scala-compiler-2.11.12.jar
[0m[32m[D][0m   => /home/clair/.cache/coursier/v1/https/repo1.maven.org/maven2/org/scala-lang/scala-library/2.11.12/scala-library-2.11.12.jar
[0m[32m[D][0m   => /home/clair/.cache/coursier/v1/https/repo1.maven.org/maven2/org/scala-lang/scala-reflect/2.11.12/scala-reflect-2.11.12.jar
[0m[32m[D][0m Configured SemanticDB in projects 'root', 'root-test'
[0m[32m[D][0m Missing analysis file for project 'root-test'
[0m[32m[D][0m Loading previous analysis for 'root' from '/home/clair/project-2/hashtagassociation/target/streams/compile/bloopAnalysisOut/_global/streams/inc_compile_2.11.zip'.
[0m[32m[D][0m Waiting for a connection at local:///tmp/bsp-launcher3201036853871445087/bsp.socket...
The server is listening for incoming connections at local:///tmp/bsp-launcher3201036853871445087/bsp.socket...
Starting thread that pumps stdin and redirects it to the bsp server...
Starting thread that pumps server stdout and redirects it to the client stdout...
[0m2021.02.12 13:37:58 INFO  tracing is disabled for protocol BSP, to enable tracing of incoming and outgoing JSON messages create an empty file at /home/clair/.cache/metals/bsp.trace.json[0m
[0m2021.02.12 13:37:58 WARN  no build target for: /home/clair/project-2/hashtagassociation/src/main/scala/com/revature/hashtagassociation/Runner.scala[0m
[0m2021.02.12 13:37:58 INFO  Attempting to connect to the build server...[0m
Starting the bsp launcher for bloop...
[0m2021.02.12 13:37:58 INFO Opening a bsp server connection with 'bsp --protocol local --socket /tmp/bsp-launcher8829325539220979587/bsp.socket'... 
Attempting to connect to the build server...[0m
Waiting for the bsp connection to come up...
Starting the bsp launcher for bloop...
Opening a bsp server connection with 'bsp --protocol local --socket /tmp/bsp-launcher4008475033144836631/bsp.socket'...
Waiting for the bsp connection to come up...
Feb 12, 2021 1:37:58 PM org.eclipse.lsp4j.jsonrpc.RemoteEndpoint handleCancellation
WARNING: Unmatched cancel notification for request id 1
[0m[32m[D][0m Loading workspace settings from bloop.settings.json
[0m[32m[D][0m Waiting for a connection at local:///tmp/bsp-launcher8829325539220979587/bsp.socket...
The server is listening for incoming connections at local:///tmp/bsp-launcher8829325539220979587/bsp.socket...
[0m[32m[D][0m Loading workspace settings from bloop.settings.json
[0m[32m[D][0m Waiting for a connection at local:///tmp/bsp-launcher4008475033144836631/bsp.socket...
The server is listening for incoming connections at local:///tmp/bsp-launcher4008475033144836631/bsp.socket...
Starting thread that pumps stdin and redirects it to the bsp server...
Starting thread that pumps stdin and redirects it to the bsp server...
Starting thread that pumps server stdout and redirects it to the client stdout...
Starting thread that pumps server stdout and redirects it to the client stdout...
[0m2021.02.12 13:37:59 INFO  tracing is disabled for protocol BSP, to enable tracing of incoming and outgoing JSON messages create an empty file at /home/clair/.cache/metals/bsp.trace.json[0m
[0m2021.02.12 13:37:59 INFO  tracing is disabled for protocol BSP, to enable tracing of incoming and outgoing JSON messages create an empty file at /home/clair/.cache/metals/bsp.trace.json[0m
[0m2021.02.12 13:37:59 INFO  time: connected to build server in 6.65s[0m
[0m2021.02.12 13:37:59 INFO  Connected to Build server v1.4.6-21-464e4ec4[0m
[0m2021.02.12 13:37:59 INFO  time: imported build in 0.18s[0m
[0m2021.02.12 13:38:04 WARN  Could not find java sources in None. Java symbols will not be available.[0m
[0m2021.02.12 13:38:08 INFO  time: indexed workspace in 9.19s[0m
