+--------------------+--------------------+--------------------+
|                data|            includes|      matching_rules|
+--------------------+--------------------+--------------------+
|[2021-02-16T13:03...|[[[Quezon City, N...|[[136141668834486...|
|[2021-02-16T12:40...|[[[Santa Clara, C...|[[136141668834486...|
|[2021-02-16T13:14...|[[[Jamaica, d66ca...|[[136141668834486...|
|[2021-02-16T13:28...|[[[Province of No...|[[136141668834486...|
|[2021-02-16T13:35...|[[[Penza, Russia,...|[[136141668834486...|
+--------------------+--------------------+--------------------+

root
 |-- data: struct (nullable = true)
 |    |-- created_at: string (nullable = true)
 |    |-- geo: struct (nullable = true)
 |    |    |-- place_id: string (nullable = true)
 |    |-- id: string (nullable = true)
 |    |-- lang: string (nullable = true)
 |    |-- public_metrics: struct (nullable = true)
 |    |    |-- like_count: long (nullable = true)
 |    |    |-- quote_count: long (nullable = true)
 |    |    |-- reply_count: long (nullable = true)
 |    |    |-- retweet_count: long (nullable = true)
 |    |-- text: string (nullable = true)
 |-- includes: struct (nullable = true)
 |    |-- places: array (nullable = true)
 |    |    |-- element: struct (containsNull = true)
 |    |    |    |-- full_name: string (nullable = true)
 |    |    |    |-- id: string (nullable = true)
 |-- matching_rules: array (nullable = true)
 |    |-- element: struct (containsNull = true)
 |    |    |-- id: long (nullable = true)
 |    |    |-- tag: string (nullable = true)

== Parsed Logical Plan ==
'Project [to_timestamp('data.created_at, None) AS Time#19, to_date('data.created_at, None) AS Date#20, hour('data.created_at, None) AS Hr#21, minute('data.created_at, None) AS Min#22, second('data.created_at, None) AS Sec#23, 'includes.places.full_name AS Place#24, 'data.lang AS Language#25, 'data.public_metrics.retweet_count AS Retweets#26, 'data.public_metrics.reply_count AS Replies#27, 'data.public_metrics.like_count AS Likes#28, 'data.public_metrics.quote_count AS Quotes#29, 'data.text AS Tweet#30]
+- Relation[data#0,includes#1,matching_rules#2] json

== Analyzed Logical Plan ==
Time: timestamp, Date: date, Hr: int, Min: int, Sec: int, Place: array<string>, Language: string, Retweets: bigint, Replies: bigint, Likes: bigint, Quotes: bigint, Tweet: string
Project [to_timestamp('data.created_at, None) AS Time#19, to_date('data.created_at, None) AS Date#20, hour(cast(data#0.created_at as timestamp), Some(America/Chicago)) AS Hr#21, minute(cast(data#0.created_at as timestamp), Some(America/Chicago)) AS Min#22, second(cast(data#0.created_at as timestamp), Some(America/Chicago)) AS Sec#23, includes#1.places.full_name AS Place#24, data#0.lang AS Language#25, data#0.public_metrics.retweet_count AS Retweets#26L, data#0.public_metrics.reply_count AS Replies#27L, data#0.public_metrics.like_count AS Likes#28L, data#0.public_metrics.quote_count AS Quotes#29L, data#0.text AS Tweet#30]
+- Relation[data#0,includes#1,matching_rules#2] json

== Optimized Logical Plan ==
Project [cast(data#0.created_at as timestamp) AS Time#19, cast(data#0.created_at as date) AS Date#20, hour(cast(data#0.created_at as timestamp), Some(America/Chicago)) AS Hr#21, minute(cast(data#0.created_at as timestamp), Some(America/Chicago)) AS Min#22, second(cast(data#0.created_at as timestamp), Some(America/Chicago)) AS Sec#23, includes#1.places.full_name AS Place#24, data#0.lang AS Language#25, data#0.public_metrics.retweet_count AS Retweets#26L, data#0.public_metrics.reply_count AS Replies#27L, data#0.public_metrics.like_count AS Likes#28L, data#0.public_metrics.quote_count AS Quotes#29L, data#0.text AS Tweet#30]
+- Relation[data#0,includes#1,matching_rules#2] json

== Physical Plan ==
*(1) Project [cast(data#0.created_at as timestamp) AS Time#19, cast(data#0.created_at as date) AS Date#20, hour(cast(data#0.created_at as timestamp), Some(America/Chicago)) AS Hr#21, minute(cast(data#0.created_at as timestamp), Some(America/Chicago)) AS Min#22, second(cast(data#0.created_at as timestamp), Some(America/Chicago)) AS Sec#23, includes#1.places.full_name AS Place#24, data#0.lang AS Language#25, data#0.public_metrics.retweet_count AS Retweets#26L, data#0.public_metrics.reply_count AS Replies#27L, data#0.public_metrics.like_count AS Likes#28L, data#0.public_metrics.quote_count AS Quotes#29L, data#0.text AS Tweet#30]
+- *(1) FileScan json [data#0,includes#1] Batched: false, Format: JSON, Location: InMemoryFileIndex[file:/home/cjen/210104-usf-bigdata/week6/tweetsapp/BTS_geoOnly_210216_5am-6am_C..., PartitionFilters: [], PushedFilters: [], ReadSchema: struct<data:struct<created_at:string,geo:struct<place_id:string>,id:string,lang:string,public_met...
(1) MapPartitionsRDD[11] at rdd at tweetMoreSparkSql.scala:41 []
 |  SQLExecutionRDD[10] at rdd at tweetMoreSparkSql.scala:41 []
 |  MapPartitionsRDD[9] at rdd at tweetMoreSparkSql.scala:41 []
 |  MapPartitionsRDD[8] at rdd at tweetMoreSparkSql.scala:41 []
 |  FileScanRDD[7] at rdd at tweetMoreSparkSql.scala:41 []
+-------------------+----------+---+---+---+--------------------------------------+--------+--------+-------+-----+------+---------------------------------------------------------------------------------------------------------------------------------------------------------+-----+
|Time               |Date      |Hr |Min|Sec|Place                                 |Language|Retweets|Replies|Likes|Quotes|Tweet                                                                                                                                                    |index|
+-------------------+----------+---+---+---+--------------------------------------+--------+--------+-------+-----+------+---------------------------------------------------------------------------------------------------------------------------------------------------------+-----+
|2021-02-16 06:40:43|2021-02-16|6  |40 |43 |[Santa Clara, CA]                     |ko      |0       |0      |0    |0     |나의그림😙❣️#BTS @BTSfanart #ARMY https://t.co/d6vutBdDPz                                                                                                |1    |
|2021-02-16 07:03:10|2021-02-16|7  |3  |10 |[Quezon City, National Capital Region]|en      |0       |0      |0    |0     |NowON
#OT7 #BTS https://t.co/YzsSBnIoj1                                                                                                                  |2    |
|2021-02-16 07:14:58|2021-02-16|7  |14 |58 |[Jamaica]                             |en      |0       |0      |0    |0     |All now so we gone to collect the leftovers on the breakfast truck and do a count and set up the park for lunch delivery.

#BTS #Carnival                |3    |
|2021-02-16 07:28:13|2021-02-16|7  |28 |13 |[Province of Novosibirsk, Russia]     |ru      |0       |0      |1    |0     |Боже... Спасите меня кто-нибудь... Пожалуйста... Ну нельзя быть таким нереальным... 😭 💔
#슈가 #민윤기 #윤기 #SUGA #BTS @BTS_twt https://t.co/VI3wnSwewt|4    |
|2021-02-16 07:35:06|2021-02-16|7  |35 |6  |[Penza, Russia]                       |en      |0       |0      |0    |0     |You create a great mood! The best and most amazing people I love you guys!!!!!!! 😚💜😍☺️💗❤️😘#BTS https://t.co/bIAxwWlWNn                              |5    |
+-------------------+----------+---+---+---+--------------------------------------+--------+--------+-------+-----+------+---------------------------------------------------------------------------------------------------------------------------------------------------------+-----+

