[0m2021.02.12 14:37:41 INFO  Started: Metals version 0.9.10 in workspace '/home/clair/project-2/averagelikes' for client vscode 1.53.2.[0m
[0m2021.02.12 14:37:41 INFO  time: initialize in 0.58s[0m
[0m2021.02.12 14:37:43 WARN  Build server is not auto-connectable.[0m
[0m2021.02.12 14:37:45 INFO  running '/usr/lib/jvm/java-8-openjdk-amd64/bin/java -Djline.terminal=jline.UnsupportedTerminal -Dsbt.log.noformat=true -Dfile.encoding=UTF-8 -jar /tmp/metals8744367639456167736/sbt-launch.jar -Dbloop.export-jar-classifiers=sources bloopInstall'[0m
[0m2021.02.12 14:37:46 WARN  no build target for: /home/clair/project-2/averagelikes/project/metals.sbt[0m
[0m2021.02.12 14:37:46 WARN  no build target for: /home/clair/project-2/averagelikes/project/project/metals.sbt[0m
[0m2021.02.12 14:37:46 WARN  Unable to produce semanticdb for /home/clair/project-2/averagelikes/project/metals.sbt[0m
[0m2021.02.12 14:37:46 WARN  Unable to produce semanticdb for /home/clair/project-2/averagelikes/project/project/metals.sbt[0m
[0m2021.02.12 14:37:45 INFO  skipping build import with status 'Started'[0m
[0m2021.02.12 14:37:49 INFO  [info] welcome to sbt 1.4.7 (Private Build Java 1.8.0_275)[0m
[0m2021.02.12 14:37:53 INFO  [info] loading settings for project averagelikes-build-build-build from metals.sbt ...[0m
[0m2021.02.12 14:37:54 INFO  [info] loading project definition from /home/clair/project-2/averagelikes/project/project/project[0m
[0m2021.02.12 14:37:58 INFO  [info] loading settings for project averagelikes-build-build from metals.sbt ...[0m
[0m2021.02.12 14:37:58 INFO  [info] loading project definition from /home/clair/project-2/averagelikes/project/project[0m
[0m2021.02.12 14:38:03 INFO  [success] Generated .bloop/averagelikes-build-build.json[0m
[0m2021.02.12 14:38:03 INFO  [success] Total time: 5 s, completed Feb 12, 2021 2:38:04 PM[0m
[0m2021.02.12 14:38:05 INFO  [info] loading settings for project averagelikes-build from metals.sbt,plugins.sbt ...[0m
[0m2021.02.12 14:38:05 INFO  [info] loading project definition from /home/clair/project-2/averagelikes/project[0m
[0m2021.02.12 14:38:07 INFO  [success] Generated .bloop/averagelikes-build.json[0m
[0m2021.02.12 14:38:07 INFO  [info] compiling 1 Scala source to /home/clair/project-2/averagelikes/project/target/scala-2.12/sbt-1.0/classes ...[0m
[0m2021.02.12 14:38:11 INFO  [info] done compiling[0m
[0m2021.02.12 14:38:11 INFO  [success] Total time: 7 s, completed Feb 12, 2021 2:38:12 PM[0m
[0m2021.02.12 14:38:14 INFO  [info] loading settings for project root from build.sbt ...[0m
[0m2021.02.12 14:38:14 INFO  [info] set current project to averageLikes (in build file:/home/clair/project-2/averagelikes/)[0m
[0m2021.02.12 14:38:20 INFO  [success] Generated .bloop/root.json[0m
[0m2021.02.12 14:38:20 INFO  [success] Generated .bloop/root-test.json[0m
[0m2021.02.12 14:38:20 INFO  [success] Total time: 6 s, completed Feb 12, 2021 2:38:20 PM[0m
[0m2021.02.12 14:38:20 INFO  sbt bloopInstall exit: 0[0m
[0m2021.02.12 14:38:21 INFO  time: ran 'sbt bloopInstall' in 35s[0m
[0m2021.02.12 14:38:21 INFO  Attempting to connect to the build server...[0m
Starting the bsp launcher for bloop...
Opening a bsp server connection with 'bsp --protocol local --socket /tmp/bsp-launcher1718880785733983971/bsp.socket'...
Waiting for the bsp connection to come up...
Waiting for the bsp connection to come up...
Waiting for the bsp connection to come up...
Waiting for the bsp connection to come up...
No server running at 127.0.0.1:8212, let's fire one...
Resolving ch.epfl.scala:bloop-frontend_2.12:1.4.6-21-464e4ec4...
Starting bloop server at 127.0.0.1:8212...
Attempting a connection to the server...
Attempting a connection to the server...
Attempting a connection to the server...
Attempting a connection to the server...
Attempting a connection to the server...
Attempting a connection to the server...
[0m[32m[D][0m Loading 2 projects from '/home/clair/project-2/averagelikes/.bloop'...
[0m[32m[D][0m Loading project from '/home/clair/project-2/averagelikes/.bloop/root.json'
[0m[32m[D][0m Loading project from '/home/clair/project-2/averagelikes/.bloop/root-test.json'
[0m[32m[D][0m Cache miss for scala instance org.scala-lang:scala-compiler:2.11.12.
[0m[32m[D][0m   => /home/clair/.cache/coursier/v1/https/repo1.maven.org/maven2/jline/jline/2.14.3/jline-2.14.3.jar
[0m[32m[D][0m   => /home/clair/.cache/coursier/v1/https/repo1.maven.org/maven2/org/scala-lang/modules/scala-parser-combinators_2.11/1.0.4/scala-parser-combinators_2.11-1.0.4.jar
[0m[32m[D][0m   => /home/clair/.cache/coursier/v1/https/repo1.maven.org/maven2/org/scala-lang/modules/scala-xml_2.11/1.0.5/scala-xml_2.11-1.0.5.jar
[0m[32m[D][0m   => /home/clair/.cache/coursier/v1/https/repo1.maven.org/maven2/org/scala-lang/scala-compiler/2.11.12/scala-compiler-2.11.12.jar
[0m[32m[D][0m   => /home/clair/.cache/coursier/v1/https/repo1.maven.org/maven2/org/scala-lang/scala-library/2.11.12/scala-library-2.11.12.jar
[0m[32m[D][0m   => /home/clair/.cache/coursier/v1/https/repo1.maven.org/maven2/org/scala-lang/scala-reflect/2.11.12/scala-reflect-2.11.12.jar
[0m[32m[D][0m Missing analysis file for project 'root-test'
[0m[32m[D][0m Missing analysis file for project 'root'
[0m[32m[D][0m Waiting for a connection at local:///tmp/bsp-launcher1718880785733983971/bsp.socket...
The server is listening for incoming connections at local:///tmp/bsp-launcher1718880785733983971/bsp.socket...
Starting thread that pumps stdin and redirects it to the bsp server...
Starting thread that pumps server stdout and redirects it to the client stdout...
[0m2021.02.12 14:38:25 INFO  tracing is disabled for protocol BSP, to enable tracing of incoming and outgoing JSON messages create an empty file at /home/clair/.cache/metals/bsp.trace.json[0m
[0m2021.02.12 14:38:25 INFO  Attempting to connect to the build server...[0m
Starting the bsp launcher for bloop...
Opening a bsp server connection with 'bsp --protocol local --socket /tmp/bsp-launcher215156171629504131/bsp.socket'...
[0mWaiting for the bsp connection to come up...
2021.02.12 14:38:25 INFO  Attempting to connect to the build server...[0m
Starting the bsp launcher for bloop...
Opening a bsp server connection with 'bsp --protocol local --socket /tmp/bsp-launcher2699665695744109459/bsp.socket'...
Waiting for the bsp connection to come up...
[0m[32m[D][0m Loading workspace settings from bloop.settings.json
[0m[32m[D][0m Waiting for a connection at local:///tmp/bsp-launcher215156171629504131/bsp.socket...
The server is listening for incoming connections at local:///tmp/bsp-launcher215156171629504131/bsp.socket...
[0m[32m[D][0m Loading workspace settings from bloop.settings.json
[0m[32m[D][0m Waiting for a connection at local:///tmp/bsp-launcher2699665695744109459/bsp.socket...
The server is listening for incoming connections at local:///tmp/bsp-launcher2699665695744109459/bsp.socket...
Starting thread that pumps stdin and redirects it to the bsp server...
Starting thread that pumps stdin and redirects it to the bsp server...
Starting thread that pumps server stdout and redirects it to the client stdout...
Starting thread that pumps server stdout and redirects it to the client stdout...
[0m2021.02.12 14:38:25 INFO  tracing is disabled for protocol BSP, to enable tracing of incoming and outgoing JSON messages create an empty file at /home/clair/.cache/metals/bsp.trace.json[0m
[0m2021.02.12 14:38:25 INFO  tracing is disabled for protocol BSP, to enable tracing of incoming and outgoing JSON messages create an empty file at /home/clair/.cache/metals/bsp.trace.json[0m
[0m2021.02.12 14:38:25 INFO  time: connected to build server in 4.41s[0m
[0m2021.02.12 14:38:25 INFO  Connected to Build server v1.4.6-21-464e4ec4[0m
[0m2021.02.12 14:38:25 INFO  time: imported build in 0.26s[0m
[0m2021.02.12 14:38:28 WARN  Could not find java sources in None. Java symbols will not be available.[0m
[0m2021.02.12 14:38:35 INFO  time: indexed workspace in 10s[0m
[0m2021.02.12 14:38:51 INFO  compiling root (1 scala source)[0m
[0m2021.02.12 14:38:57 INFO  time: compiled root in 5.57s[0m
[0m2021.02.12 14:39:08 INFO  no build target: using presentation compiler with only scala-library[0m
[0m2021.02.12 14:39:12 WARN  no build target for: /home/clair/project-2/hashtagassociation/src/main/scala/com/revature/hashtagassociation/Runner.scala[0m
[0m2021.02.12 14:39:25 INFO  compiling root (1 scala source)[0m
[0m2021.02.12 14:39:27 INFO  time: compiled root in 1.45s[0m
Feb 12, 2021 2:39:32 PM org.eclipse.lsp4j.jsonrpc.RemoteEndpoint handleCancellation
WARNING: Unmatched cancel notification for request id 40
Feb 12, 2021 2:41:09 PM org.eclipse.lsp4j.jsonrpc.RemoteEndpoint handleCancellation
WARNING: Unmatched cancel notification for request id 55
[0m2021.02.12 14:41:20 INFO  compiling root (1 scala source)[0m
[0m2021.02.12 14:41:21 INFO  time: compiled root in 1.44s[0m
[0m2021.02.12 14:41:32 INFO  compiling root (1 scala source)[0m
[0m2021.02.12 14:41:34 INFO  time: compiled root in 1.62s[0m
Feb 12, 2021 2:41:57 PM org.eclipse.lsp4j.jsonrpc.RemoteEndpoint handleCancellation
WARNING: Unmatched cancel notification for request id 86
Feb 12, 2021 2:42:10 PM org.eclipse.lsp4j.jsonrpc.RemoteEndpoint handleCancellation
WARNING: Unmatched cancel notification for request id 98
[0m2021.02.12 14:42:16 INFO  compiling root (1 scala source)[0m
[0m2021.02.12 14:42:17 INFO  time: compiled root in 1.32s[0m
[0m2021.02.12 14:42:20 INFO  compiling root (1 scala source)[0m
Feb 12, 2021 2:42:20 PM org.eclipse.lsp4j.jsonrpc.RemoteEndpoint handleCancellation
WARNING: Unmatched cancel notification for request id 118
[0m2021.02.12 14:42:21 INFO  time: compiled root in 1.48s[0m
Feb 12, 2021 2:42:33 PM org.eclipse.lsp4j.jsonrpc.RemoteEndpoint handleCancellation
WARNING: Unmatched cancel notification for request id 131
[0m2021.02.12 14:42:57 INFO  compiling root (1 scala source)[0m
[0m2021.02.12 14:43:00 INFO  time: compiled root in 2.82s[0m
[0m2021.02.12 14:43:12 INFO  compiling root (1 scala source)[0m
[0m2021.02.12 14:43:14 INFO  time: compiled root in 1.71s[0m
[0m2021.02.12 14:43:17 INFO  compiling root (1 scala source)[0m
[0m2021.02.12 14:43:18 INFO  time: compiled root in 1.55s[0m
[0m2021.02.12 14:43:25 INFO  compiling root (1 scala source)[0m
[0m2021.02.12 14:43:27 INFO  time: compiled root in 1.64s[0m
[0m2021.02.12 14:45:16 INFO  compiling root (1 scala source)[0m
[0m2021.02.12 14:45:18 INFO  time: compiled root in 1.67s[0m
[0m2021.02.12 14:45:26 INFO  compiling root (1 scala source)[0m
[0m2021.02.12 14:45:28 INFO  time: compiled root in 1.99s[0m
[0m2021.02.12 14:45:37 INFO  compiling root (1 scala source)[0m
[0m2021.02.12 14:45:39 INFO  time: compiled root in 1.39s[0m
[0m2021.02.12 14:51:49 INFO  shutting down Metals[0m
[0m2021.02.12 14:51:49 INFO  Shut down connection with build server.[0m
No more data in the client stdin, exiting...
[0m2021.02.12 14:51:49 INFO  Shut down connection with build server.[0m
No more data in the client stdin, exiting...
[0m2021.02.12 14:51:49 INFO  Shut down connection with build server.[0m
No more data in the client stdin, exiting...
No more data in the server stdin, exiting...
No more data in the server stdin, exiting...
[0m2021.02.12 15:08:42 INFO  Started: Metals version 0.9.10 in workspace '/home/clair/project-2/averagelikes' for client vscode 1.53.2.[0m
[0m2021.02.12 15:08:43 INFO  time: initialize in 0.48s[0m
[0m2021.02.12 15:08:44 INFO  Attempting to connect to the build server...[0m
Starting the bsp launcher for bloop...
Opening a bsp server connection with 'bsp --protocol local --socket /tmp/bsp-launcher7739823379782295473/bsp.socket'...
Waiting for the bsp connection to come up...
[0m2021.02.12 15:08:44 INFO  skipping build import with status 'Installed'[0m
[0m[32m[D][0m Loading workspace settings from bloop.settings.json
[0m[32m[D][0m Waiting for a connection at local:///tmp/bsp-launcher7739823379782295473/bsp.socket...
The server is listening for incoming connections at local:///tmp/bsp-launcher7739823379782295473/bsp.socket...
Starting thread that pumps stdin and redirects it to the bsp server...
Starting thread that pumps server stdout and redirects it to the client stdout...
[0m2021.02.12 15:08:45 INFO  tracing is disabled for protocol BSP, to enable tracing of incoming and outgoing JSON messages create an empty file at /home/clair/.cache/metals/bsp.trace.json[0m
[0m2021.02.12 15:08:45 INFO  Attempting to connect to the build server...[0m
Starting the bsp launcher for bloop...
Opening a bsp server connection with 'bsp --protocol local --socket /tmp/bsp-launcher7856851540326392716/bsp.socket'...
[0m2021.02.12 15:08:45 INFO  Attempting to connect to the build server...[0m
Waiting for the bsp connection to come up...
Starting the bsp launcher for bloop...
Opening a bsp server connection with 'bsp --protocol local --socket /tmp/bsp-launcher8316875979763269783/bsp.socket'...
Waiting for the bsp connection to come up...
[0m[32m[D][0m Loading workspace settings from bloop.settings.json
[0m[32m[D][0m Waiting for a connection at local:///tmp/bsp-launcher8316875979763269783/bsp.socket...
The server is listening for incoming connections at local:///tmp/bsp-launcher8316875979763269783/bsp.socket...
Starting thread that pumps stdin and redirects it to the bsp server...
[0m[32m[D][0m Loading workspace settings from bloop.settings.json
[0m[32m[D][0m Waiting for a connection at local:///tmp/bsp-launcher7856851540326392716/bsp.socket...
The server is listening for incoming connections at local:///tmp/bsp-launcher7856851540326392716/bsp.socket...
Starting thread that pumps stdin and redirects it to the bsp server...
Starting thread that pumps server stdout and redirects it to the client stdout...
Starting thread that pumps server stdout and redirects it to the client stdout...
[0m2021.02.12 15:08:44 INFO  tracing is disabled for protocol BSP, to enable tracing of incoming and outgoing JSON messages create an empty file at /home/clair/.cache/metals/bsp.trace.json[0m
[0m2021.02.12 15:08:45 INFO  tracing is disabled for protocol BSP, to enable tracing of incoming and outgoing JSON messages create an empty file at /home/clair/.cache/metals/bsp.trace.json[0m
[0m2021.02.12 15:08:45 INFO  time: connected to build server in 0.82s[0m
[0m2021.02.12 15:08:45 INFO  Connected to Build server v1.4.6-21-464e4ec4[0m
[0m2021.02.12 15:08:45 INFO  time: imported build in 0.22s[0m
[0m2021.02.12 15:08:46 INFO  no build target: using presentation compiler with only scala-library[0m
[0m2021.02.12 15:08:49 INFO  compiling root (1 scala source)[0m
[0m2021.02.12 15:08:51 INFO  time: compiled root in 2.17s[0m
[0m2021.02.12 15:08:53 WARN  Could not find java sources in None. Java symbols will not be available.[0m
[0m2021.02.12 15:08:54 INFO  time: indexed workspace in 8.42s[0m
[0m2021.02.12 15:10:01 INFO  compiling root (1 scala source)[0m
[0m2021.02.12 15:10:03 INFO  time: compiled root in 1.53s[0m
[0m2021.02.12 15:10:17 INFO  compiling root (1 scala source)[0m
[0m2021.02.12 15:10:17 INFO  time: compiled root in 0.92s[0m
[0m2021.02.12 15:11:32 INFO  compiling root (1 scala source)[0m
[0m2021.02.12 15:11:32 INFO  time: compiled root in 0.29s[0m
[0m2021.02.12 15:11:56 INFO  compiling root (1 scala source)[0m
[0m2021.02.12 15:11:56 INFO  time: compiled root in 0.19s[0m
[0m2021.02.12 15:12:13 INFO  compiling root (1 scala source)[0m
[0m2021.02.12 15:12:13 INFO  time: compiled root in 0.26s[0m
[0m2021.02.12 15:12:23 INFO  compiling root (1 scala source)[0m
[0m2021.02.12 15:12:23 INFO  time: compiled root in 0.18s[0m
[0m2021.02.12 15:12:38 INFO  compiling root (1 scala source)[0m
[0m2021.02.12 15:12:38 INFO  time: compiled root in 0.88s[0m
[0m2021.02.12 15:12:51 INFO  compiling root (1 scala source)[0m
[0m2021.02.12 15:12:52 INFO  time: compiled root in 1.19s[0m
[0m2021.02.12 15:13:44 INFO  compiling root (1 scala source)[0m
[0m2021.02.12 15:13:44 INFO  time: compiled root in 0.28s[0m
[0m2021.02.12 15:14:27 INFO  compiling root (1 scala source)[0m
[0m2021.02.12 15:14:27 INFO  /home/clair/project-2/averagelikes/src/main/scala/com/revature/averagelikes/Runner.scala:52:5: stale bloop error: unclosed comment
    /**
    ^[0m
[0m2021.02.12 15:14:27 INFO  /home/clair/project-2/averagelikes/src/main/scala/com/revature/averagelikes/Runner.scala:52:5: stale bloop error: unclosed comment
    /**
    ^[0m
[0m2021.02.12 15:14:27 INFO  /home/clair/project-2/averagelikes/src/main/scala/com/revature/averagelikes/Runner.scala:73:2: stale bloop error: Missing closing brace `}' assumed here
}
 ^[0m
[0m2021.02.12 15:14:27 INFO  time: compiled root in 0.17s[0m
[0m2021.02.12 15:14:51 INFO  /home/clair/project-2/averagelikes/src/main/scala/com/revature/averagelikes/Runner.scala:52:5: stale bloop error: unclosed comment
    /**
    ^[0m
[0m2021.02.12 15:14:51 INFO  /home/clair/project-2/averagelikes/src/main/scala/com/revature/averagelikes/Runner.scala:73:2: stale bloop error: Missing closing brace `}' assumed here
}
 ^[0m
[0m2021.02.12 15:14:51 INFO  /home/clair/project-2/averagelikes/src/main/scala/com/revature/averagelikes/Runner.scala:52:5: stale bloop error: unclosed comment
    /**
    ^[0m
[0m2021.02.12 15:14:51 INFO  /home/clair/project-2/averagelikes/src/main/scala/com/revature/averagelikes/Runner.scala:73:2: stale bloop error: Missing closing brace `}' assumed here
}
 ^[0m
[0m2021.02.12 15:14:51 INFO  /home/clair/project-2/averagelikes/src/main/scala/com/revature/averagelikes/Runner.scala:52:5: stale bloop error: unclosed comment
    /**
    ^[0m
[0m2021.02.12 15:14:51 INFO  /home/clair/project-2/averagelikes/src/main/scala/com/revature/averagelikes/Runner.scala:73:2: stale bloop error: Missing closing brace `}' assumed here
}
 ^[0m
[0m2021.02.12 15:14:51 INFO  /home/clair/project-2/averagelikes/src/main/scala/com/revature/averagelikes/Runner.scala:52:5: stale bloop error: unclosed comment
    /**
    ^[0m
[0m2021.02.12 15:14:51 INFO  /home/clair/project-2/averagelikes/src/main/scala/com/revature/averagelikes/Runner.scala:73:2: stale bloop error: Missing closing brace `}' assumed here
}
 ^[0m
[0m2021.02.12 15:14:52 INFO  /home/clair/project-2/averagelikes/src/main/scala/com/revature/averagelikes/Runner.scala:52:5: stale bloop error: unclosed comment
    /**
    ^[0m
[0m2021.02.12 15:14:52 INFO  /home/clair/project-2/averagelikes/src/main/scala/com/revature/averagelikes/Runner.scala:73:2: stale bloop error: Missing closing brace `}' assumed here
}
 ^[0m
[0m2021.02.12 15:14:52 INFO  /home/clair/project-2/averagelikes/src/main/scala/com/revature/averagelikes/Runner.scala:52:5: stale bloop error: unclosed comment
    /**
    ^[0m
[0m2021.02.12 15:14:52 INFO  /home/clair/project-2/averagelikes/src/main/scala/com/revature/averagelikes/Runner.scala:73:2: stale bloop error: Missing closing brace `}' assumed here
}
 ^[0m
[0m2021.02.12 15:14:54 INFO  /home/clair/project-2/averagelikes/src/main/scala/com/revature/averagelikes/Runner.scala:52:5: stale bloop error: unclosed comment
    /**
    ^[0m
[0m2021.02.12 15:14:54 INFO  /home/clair/project-2/averagelikes/src/main/scala/com/revature/averagelikes/Runner.scala:73:2: stale bloop error: Missing closing brace `}' assumed here
}
 ^[0m
[0m2021.02.12 15:14:54 INFO  /home/clair/project-2/averagelikes/src/main/scala/com/revature/averagelikes/Runner.scala:52:5: stale bloop error: unclosed comment
    /**
    ^[0m
[0m2021.02.12 15:14:54 INFO  /home/clair/project-2/averagelikes/src/main/scala/com/revature/averagelikes/Runner.scala:73:2: stale bloop error: Missing closing brace `}' assumed here
}
 ^[0m
[0m2021.02.12 15:14:54 INFO  /home/clair/project-2/averagelikes/src/main/scala/com/revature/averagelikes/Runner.scala:52:5: stale bloop error: unclosed comment
    /**
    ^[0m
[0m2021.02.12 15:14:54 INFO  /home/clair/project-2/averagelikes/src/main/scala/com/revature/averagelikes/Runner.scala:73:2: stale bloop error: Missing closing brace `}' assumed here
}
 ^[0m
[0m2021.02.12 15:14:54 INFO  /home/clair/project-2/averagelikes/src/main/scala/com/revature/averagelikes/Runner.scala:52:5: stale bloop error: unclosed comment
    /**
    ^[0m
[0m2021.02.12 15:14:54 INFO  /home/clair/project-2/averagelikes/src/main/scala/com/revature/averagelikes/Runner.scala:73:2: stale bloop error: Missing closing brace `}' assumed here
}
 ^[0m
[0m2021.02.12 15:14:54 INFO  /home/clair/project-2/averagelikes/src/main/scala/com/revature/averagelikes/Runner.scala:52:5: stale bloop error: unclosed comment
    /**
    ^[0m
[0m2021.02.12 15:14:54 INFO  /home/clair/project-2/averagelikes/src/main/scala/com/revature/averagelikes/Runner.scala:73:2: stale bloop error: Missing closing brace `}' assumed here
}
 ^[0m
[0m2021.02.12 15:14:54 INFO  /home/clair/project-2/averagelikes/src/main/scala/com/revature/averagelikes/Runner.scala:52:5: stale bloop error: unclosed comment
    /**
    ^[0m
[0m2021.02.12 15:14:54 INFO  /home/clair/project-2/averagelikes/src/main/scala/com/revature/averagelikes/Runner.scala:73:2: stale bloop error: Missing closing brace `}' assumed here
}
 ^[0m
[0m2021.02.12 15:15:04 INFO  /home/clair/project-2/averagelikes/src/main/scala/com/revature/averagelikes/Runner.scala:52:5: stale bloop error: unclosed comment
    /**
    ^[0m
[0m2021.02.12 15:15:04 INFO  /home/clair/project-2/averagelikes/src/main/scala/com/revature/averagelikes/Runner.scala:73:2: stale bloop error: Missing closing brace `}' assumed here
}
 ^[0m
[0m2021.02.12 15:15:04 INFO  /home/clair/project-2/averagelikes/src/main/scala/com/revature/averagelikes/Runner.scala:52:5: stale bloop error: unclosed comment
    /**
    ^[0m
[0m2021.02.12 15:15:04 INFO  /home/clair/project-2/averagelikes/src/main/scala/com/revature/averagelikes/Runner.scala:73:2: stale bloop error: Missing closing brace `}' assumed here
}
 ^[0m
[0m2021.02.12 15:15:04 INFO  /home/clair/project-2/averagelikes/src/main/scala/com/revature/averagelikes/Runner.scala:52:5: stale bloop error: unclosed comment
    /**
    ^[0m
[0m2021.02.12 15:15:04 INFO  /home/clair/project-2/averagelikes/src/main/scala/com/revature/averagelikes/Runner.scala:73:2: stale bloop error: Missing closing brace `}' assumed here
}
 ^[0m
[0m2021.02.12 15:15:04 INFO  /home/clair/project-2/averagelikes/src/main/scala/com/revature/averagelikes/Runner.scala:52:5: stale bloop error: unclosed comment
    /**
    ^[0m
[0m2021.02.12 15:15:04 INFO  /home/clair/project-2/averagelikes/src/main/scala/com/revature/averagelikes/Runner.scala:73:2: stale bloop error: Missing closing brace `}' assumed here
}
 ^[0m
[0m2021.02.12 15:15:05 INFO  /home/clair/project-2/averagelikes/src/main/scala/com/revature/averagelikes/Runner.scala:52:5: stale bloop error: unclosed comment
    /**
    ^[0m
[0m2021.02.12 15:15:05 INFO  /home/clair/project-2/averagelikes/src/main/scala/com/revature/averagelikes/Runner.scala:73:2: stale bloop error: Missing closing brace `}' assumed here
}
 ^[0m
[0m2021.02.12 15:15:05 INFO  /home/clair/project-2/averagelikes/src/main/scala/com/revature/averagelikes/Runner.scala:52:5: stale bloop error: unclosed comment
    /**
    ^[0m
[0m2021.02.12 15:15:05 INFO  /home/clair/project-2/averagelikes/src/main/scala/com/revature/averagelikes/Runner.scala:73:2: stale bloop error: Missing closing brace `}' assumed here
}
 ^[0m
[0m2021.02.12 15:15:06 INFO  /home/clair/project-2/averagelikes/src/main/scala/com/revature/averagelikes/Runner.scala:52:5: stale bloop error: unclosed comment
    /**
    ^[0m
[0m2021.02.12 15:15:06 INFO  /home/clair/project-2/averagelikes/src/main/scala/com/revature/averagelikes/Runner.scala:73:2: stale bloop error: Missing closing brace `}' assumed here
}
 ^[0m
[0m2021.02.12 15:15:06 INFO  compiling root (1 scala source)[0m
[0m2021.02.12 15:15:06 INFO  /home/clair/project-2/averagelikes/src/main/scala/com/revature/averagelikes/Runner.scala:52:5: stale bloop error: unclosed comment
    /**
    ^[0m
[0m2021.02.12 15:15:06 INFO  /home/clair/project-2/averagelikes/src/main/scala/com/revature/averagelikes/Runner.scala:52:5: stale bloop error: unclosed comment
    /**
    ^[0m
[0m2021.02.12 15:15:06 INFO  /home/clair/project-2/averagelikes/src/main/scala/com/revature/averagelikes/Runner.scala:73:2: stale bloop error: Missing closing brace `}' assumed here
}
 ^[0m
[0m2021.02.12 15:15:06 INFO  time: compiled root in 0.13s[0m
[0m2021.02.12 15:15:17 INFO  /home/clair/project-2/averagelikes/src/main/scala/com/revature/averagelikes/Runner.scala:52:5: stale bloop error: unclosed comment
    /**
    ^[0m
[0m2021.02.12 15:15:17 INFO  /home/clair/project-2/averagelikes/src/main/scala/com/revature/averagelikes/Runner.scala:73:2: stale bloop error: Missing closing brace `}' assumed here
}
 ^[0m
[0m2021.02.12 15:15:17 INFO  /home/clair/project-2/averagelikes/src/main/scala/com/revature/averagelikes/Runner.scala:52:5: stale bloop error: unclosed comment
    /**
    ^[0m
[0m2021.02.12 15:15:17 INFO  /home/clair/project-2/averagelikes/src/main/scala/com/revature/averagelikes/Runner.scala:73:2: stale bloop error: Missing closing brace `}' assumed here
}
 ^[0m
[0m2021.02.12 15:15:22 INFO  /home/clair/project-2/averagelikes/src/main/scala/com/revature/averagelikes/Runner.scala:52:5: stale bloop error: unclosed comment
    /**
    ^[0m
[0m2021.02.12 15:15:22 INFO  /home/clair/project-2/averagelikes/src/main/scala/com/revature/averagelikes/Runner.scala:73:2: stale bloop error: Missing closing brace `}' assumed here
}
 ^[0m
[0m2021.02.12 15:15:22 INFO  /home/clair/project-2/averagelikes/src/main/scala/com/revature/averagelikes/Runner.scala:52:5: stale bloop error: unclosed comment
    /**
    ^[0m
[0m2021.02.12 15:15:22 INFO  /home/clair/project-2/averagelikes/src/main/scala/com/revature/averagelikes/Runner.scala:73:2: stale bloop error: Missing closing brace `}' assumed here
}
 ^[0m
[0m2021.02.12 15:15:25 INFO  /home/clair/project-2/averagelikes/src/main/scala/com/revature/averagelikes/Runner.scala:52:5: stale bloop error: unclosed comment
    /**
    ^[0m
[0m2021.02.12 15:15:25 INFO  /home/clair/project-2/averagelikes/src/main/scala/com/revature/averagelikes/Runner.scala:73:2: stale bloop error: Missing closing brace `}' assumed here
}
 ^[0m
[0m2021.02.12 15:15:25 INFO  /home/clair/project-2/averagelikes/src/main/scala/com/revature/averagelikes/Runner.scala:52:5: stale bloop error: unclosed comment
    /**
    ^[0m
[0m2021.02.12 15:15:25 INFO  /home/clair/project-2/averagelikes/src/main/scala/com/revature/averagelikes/Runner.scala:73:2: stale bloop error: Missing closing brace `}' assumed here
}
 ^[0m
[0m2021.02.12 15:15:26 INFO  /home/clair/project-2/averagelikes/src/main/scala/com/revature/averagelikes/Runner.scala:52:5: stale bloop error: unclosed comment
    /**
    ^[0m
[0m2021.02.12 15:15:26 INFO  /home/clair/project-2/averagelikes/src/main/scala/com/revature/averagelikes/Runner.scala:73:2: stale bloop error: Missing closing brace `}' assumed here
}
 ^[0m
[0m2021.02.12 15:15:26 INFO  /home/clair/project-2/averagelikes/src/main/scala/com/revature/averagelikes/Runner.scala:52:5: stale bloop error: unclosed comment
    /**
    ^[0m
[0m2021.02.12 15:15:26 INFO  /home/clair/project-2/averagelikes/src/main/scala/com/revature/averagelikes/Runner.scala:73:2: stale bloop error: Missing closing brace `}' assumed here
}
 ^[0m
[0m2021.02.12 15:15:32 INFO  compiling root (1 scala source)[0m
[0m2021.02.12 15:15:32 INFO  time: compiled root in 0.81s[0m
[0m2021.02.12 15:16:28 INFO  compiling root (1 scala source)[0m
[0m2021.02.12 15:16:28 INFO  time: compiled root in 0.35s[0m
[0m2021.02.12 15:16:44 INFO  compiling root (1 scala source)[0m
[0m2021.02.12 15:16:45 INFO  time: compiled root in 1.05s[0m
[0m2021.02.12 15:16:51 INFO  compiling root (1 scala source)[0m
[0m2021.02.12 15:16:52 INFO  time: compiled root in 1.26s[0m
[0m2021.02.12 15:17:44 INFO  compiling root (1 scala source)[0m
[0m2021.02.12 15:17:46 INFO  time: compiled root in 1.07s[0m
[0m2021.02.12 15:19:07 INFO  compiling root (1 scala source)[0m
[0m2021.02.12 15:19:08 INFO  time: compiled root in 1.45s[0m
[0m2021.02.12 15:19:18 INFO  compiling root (1 scala source)[0m
[0m2021.02.12 15:19:19 INFO  time: compiled root in 1.07s[0m
[0m2021.02.12 15:21:24 INFO  compiling root (1 scala source)[0m
[0m2021.02.12 15:21:25 INFO  time: compiled root in 1.1s[0m
[0m2021.02.12 15:25:59 INFO  compiling root (1 scala source)[0m
[0m2021.02.12 15:26:00 INFO  time: compiled root in 1.53s[0m
[0m2021.02.12 15:26:02 INFO  compiling root (1 scala source)[0m
[0m2021.02.12 15:26:03 INFO  time: compiled root in 1.01s[0m
[0m2021.02.12 15:29:53 INFO  compiling root (1 scala source)[0m
[0m2021.02.12 15:29:53 INFO  time: compiled root in 0.96s[0m
[0m2021.02.12 15:30:10 INFO  shutting down Metals[0m
[0m2021.02.12 15:30:10 INFO  Shut down connection with build server.[0m
No more data in the client stdin, exiting...
No more data in the server stdin, exiting...
No more data in the server stdin, exiting...
[0m2021.02.12 15:30:10 INFO  Shut down connection with build server.[0m
[0m2021.02.12 15:30:10 INFO  Shut down connection with build server.[0m
No more data in the client stdin, exiting...
No more data in the client stdin, exiting...
No more data in the server stdin, exiting...
No more data in the server stdin, exiting...
[0m2021.02.17 13:38:57 INFO  Started: Metals version 0.9.10 in workspace '/home/clair/project-2/averagelikes' for client vscode 1.53.2.[0m
[0m2021.02.17 13:38:57 INFO  time: initialize in 0.54s[0m
[0m2021.02.17 13:38:59 INFO  Attempting to connect to the build server...[0m
Starting the bsp launcher for bloop...
Opening a bsp server connection with 'bsp --protocol local --socket /tmp/bsp-launcher7362556380626019410/bsp.socket'...
Waiting for the bsp connection to come up...
[0m2021.02.17 13:38:59 INFO  skipping build import with status 'Installed'[0m
Waiting for the bsp connection to come up...
[0m2021.02.17 13:39:01 INFO  no build target: using presentation compiler with only scala-library[0m
Waiting for the bsp connection to come up...
Waiting for the bsp connection to come up...
No server running at 127.0.0.1:8212, let's fire one...
Resolving ch.epfl.scala:bloop-frontend_2.12:1.4.6-21-464e4ec4...
Starting bloop server at 127.0.0.1:8212...
Attempting a connection to the server...
Attempting a connection to the server...
Attempting a connection to the server...
Attempting a connection to the server...
Attempting a connection to the server...
[0m[32m[D][0m Loading workspace settings from bloop.settings.json
[0m[32m[D][0m Loading 2 projects from '/home/clair/project-2/averagelikes/.bloop'...
[0m[32m[D][0m Loading project from '/home/clair/project-2/averagelikes/.bloop/root.json'
[0m[32m[D][0m Loading project from '/home/clair/project-2/averagelikes/.bloop/root-test.json'
[0m[32m[D][0m Cache miss for scala instance org.scala-lang:scala-compiler:2.11.12.
[0m[32m[D][0m   => /home/clair/.cache/coursier/v1/https/repo1.maven.org/maven2/jline/jline/2.14.3/jline-2.14.3.jar
[0m[32m[D][0m   => /home/clair/.cache/coursier/v1/https/repo1.maven.org/maven2/org/scala-lang/modules/scala-parser-combinators_2.11/1.0.4/scala-parser-combinators_2.11-1.0.4.jar
[0m[32m[D][0m   => /home/clair/.cache/coursier/v1/https/repo1.maven.org/maven2/org/scala-lang/modules/scala-xml_2.11/1.0.5/scala-xml_2.11-1.0.5.jar
[0m[32m[D][0m   => /home/clair/.cache/coursier/v1/https/repo1.maven.org/maven2/org/scala-lang/scala-compiler/2.11.12/scala-compiler-2.11.12.jar
[0m[32m[D][0m   => /home/clair/.cache/coursier/v1/https/repo1.maven.org/maven2/org/scala-lang/scala-library/2.11.12/scala-library-2.11.12.jar
[0m[32m[D][0m   => /home/clair/.cache/coursier/v1/https/repo1.maven.org/maven2/org/scala-lang/scala-reflect/2.11.12/scala-reflect-2.11.12.jar
[0m[32m[D][0m Configured SemanticDB in projects 'root-test', 'root'
[0m[32m[D][0m Missing analysis file for project 'root-test'
[0m[32m[D][0m Loading previous analysis for 'root' from '/home/clair/project-2/averagelikes/target/streams/compile/bloopAnalysisOut/_global/streams/inc_compile_2.11.zip'.
[0m[32m[D][0m Waiting for a connection at local:///tmp/bsp-launcher7362556380626019410/bsp.socket...
The server is listening for incoming connections at local:///tmp/bsp-launcher7362556380626019410/bsp.socket...
Starting thread that pumps stdin and redirects it to the bsp server...
Starting thread that pumps server stdout and redirects it to the client stdout...
[0m2021.02.17 13:39:03 INFO  tracing is disabled for protocol BSP, to enable tracing of incoming and outgoing JSON messages create an empty file at /home/clair/.cache/metals/bsp.trace.json[0m
[0m2021.02.17 13:39:03 INFO  Attempting to connect to the build server...[0m
[0m2021.02.17 13:39:03 INFO  Attempting to connect to the build server...[0m
Starting the bsp launcher for bloop...
Opening a bsp server connection with 'bsp --protocol local --socket /tmp/bsp-launcher8708574224326146285/bsp.socket'...
Waiting for the bsp connection to come up...
Starting the bsp launcher for bloop...
Opening a bsp server connection with 'bsp --protocol local --socket /tmp/bsp-launcher63144081960930273/bsp.socket'...
Waiting for the bsp connection to come up...
[0m[32m[D][0m Loading workspace settings from bloop.settings.json
[0m[32m[D][0m Waiting for a connection at local:///tmp/bsp-launcher8708574224326146285/bsp.socket...
The server is listening for incoming connections at local:///tmp/bsp-launcher8708574224326146285/bsp.socket...
Starting thread that pumps stdin and redirects it to the bsp server...
Starting thread that pumps server stdout and redirects it to the client stdout...
[0m2021.02.17 13:39:03 INFO  tracing is disabled for protocol BSP, to enable tracing of incoming and outgoing JSON messages create an empty file at /home/clair/.cache/metals/bsp.trace.json[0m
[0m[32m[D][0m Loading workspace settings from bloop.settings.json
[0m[32m[D][0m Waiting for a connection at local:///tmp/bsp-launcher63144081960930273/bsp.socket...
The server is listening for incoming connections at local:///tmp/bsp-launcher63144081960930273/bsp.socket...
Starting thread that pumps stdin and redirects it to the bsp server...
Starting thread that pumps server stdout and redirects it to the client stdout...
[0m2021.02.17 13:39:03 INFO  tracing is disabled for protocol BSP, to enable tracing of incoming and outgoing JSON messages create an empty file at /home/clair/.cache/metals/bsp.trace.json[0m
[0m2021.02.17 13:39:03 INFO  time: connected to build server in 4.49s[0m
[0m2021.02.17 13:39:03 INFO  Connected to Build server v1.4.6-21-464e4ec4[0m
[0m2021.02.17 13:39:03 INFO  time: imported build in 0.27s[0m
[0m2021.02.17 13:39:04 INFO  compiling root (1 scala source)[0m
[0m2021.02.17 13:39:08 WARN  Could not find java sources in None. Java symbols will not be available.[0m
Feb 17, 2021 1:39:08 PM org.eclipse.lsp4j.jsonrpc.RemoteEndpoint handleCancellation
WARNING: Unmatched cancel notification for request id 2
[0m2021.02.17 13:39:10 INFO  time: compiled root in 5.73s[0m
[0m2021.02.17 13:39:13 INFO  time: indexed workspace in 9.66s[0m
[0m2021.02.17 13:39:23 INFO  compiling root (1 scala source)[0m
[0m2021.02.17 13:39:23 INFO  time: compiled root in 0.59s[0m
[0m2021.02.17 13:39:26 INFO  compiling root (1 scala source)[0m
[0m2021.02.17 13:39:29 INFO  time: compiled root in 2.9s[0m
Feb 17, 2021 1:39:32 PM org.eclipse.lsp4j.jsonrpc.RemoteEndpoint handleCancellation
WARNING: Unmatched cancel notification for request id 33
Feb 17, 2021 1:39:32 PM org.eclipse.lsp4j.jsonrpc.RemoteEndpoint handleCancellation
WARNING: Unmatched cancel notification for request id 31
Feb 17, 2021 1:40:48 PM org.eclipse.lsp4j.jsonrpc.RemoteEndpoint handleCancellation
WARNING: Unmatched cancel notification for request id 119
[0m2021.02.17 13:57:04 INFO  compiling root (1 scala source)[0m
[0m2021.02.17 13:57:04 INFO  time: compiled root in 0.17s[0m
[0m2021.02.17 13:57:08 INFO  compiling root (1 scala source)[0m
[0m2021.02.17 13:57:10 INFO  time: compiled root in 1.37s[0m
[0m2021.02.17 13:57:29 INFO  compiling root (1 scala source)[0m
[0m2021.02.17 13:57:29 INFO  time: compiled root in 0.31s[0m
[0m2021.02.17 13:57:41 INFO  compiling root (1 scala source)[0m
[0m2021.02.17 13:57:41 INFO  time: compiled root in 0.21s[0m
[0m2021.02.17 13:57:59 INFO  compiling root (1 scala source)[0m
[0m2021.02.17 13:57:59 INFO  time: compiled root in 0.42s[0m
[0m2021.02.17 13:58:14 INFO  compiling root (1 scala source)[0m
[0m2021.02.17 13:58:14 INFO  time: compiled root in 0.12s[0m
[0m2021.02.17 13:59:17 INFO  compiling root (1 scala source)[0m
[0m2021.02.17 13:59:17 INFO  time: compiled root in 0.2s[0m
[0m2021.02.17 13:59:29 INFO  /home/clair/project-2/averagelikes/src/main/scala/com/revature/averagelikes/Runner.scala:52:5: stale bloop error: value as is not a member of Any
possible cause: maybe a semicolon is missing before `value as'?
> staticDf
>       .select("avg(public_metrics.like_count)")
>       .collect()(0)(0)
>       .as[0m
[0m2021.02.17 13:59:29 INFO  /home/clair/project-2/averagelikes/src/main/scala/com/revature/averagelikes/Runner.scala:52:5: stale bloop error: value as is not a member of Any
possible cause: maybe a semicolon is missing before `value as'?
> staticDf
>       .select("avg(public_metrics.like_count)")
>       .collect()(0)(0)
>       .as[0m
[0m2021.02.17 13:59:34 INFO  /home/clair/project-2/averagelikes/src/main/scala/com/revature/averagelikes/Runner.scala:52:5: stale bloop error: value as is not a member of Any
possible cause: maybe a semicolon is missing before `value as'?
> staticDf
>       .select("avg(public_metrics.like_count)")
>       .collect()(0)(0)
>       .as[0m
[0m2021.02.17 13:59:34 INFO  /home/clair/project-2/averagelikes/src/main/scala/com/revature/averagelikes/Runner.scala:52:5: stale bloop error: value as is not a member of Any
possible cause: maybe a semicolon is missing before `value as'?
> staticDf
>       .select("avg(public_metrics.like_count)")
>       .collect()(0)(0)
>       .as[0m
[0m2021.02.17 13:59:35 INFO  compiling root (1 scala source)[0m
[0m2021.02.17 13:59:35 INFO  time: compiled root in 0.24s[0m
[0m2021.02.17 13:59:50 INFO  compiling root (1 scala source)[0m
[0m2021.02.17 13:59:50 INFO  time: compiled root in 0.19s[0m
[0m2021.02.17 14:00:50 INFO  compiling root (1 scala source)[0m
[0m2021.02.17 14:00:50 INFO  time: compiled root in 0.18s[0m
[0m2021.02.17 14:02:20 INFO  compiling root (1 scala source)[0m
[0m2021.02.17 14:02:20 INFO  time: compiled root in 0.23s[0m
[0m2021.02.17 14:02:40 INFO  compiling root (1 scala source)[0m
[0m2021.02.17 14:02:40 INFO  time: compiled root in 0.43s[0m
[0m2021.02.17 14:02:47 INFO  compiling root (1 scala source)[0m
[0m2021.02.17 14:02:47 INFO  time: compiled root in 0.18s[0m
[0m2021.02.17 14:02:51 INFO  compiling root (1 scala source)[0m
[0m2021.02.17 14:02:51 INFO  time: compiled root in 0.23s[0m
[0m2021.02.17 14:03:11 INFO  compiling root (1 scala source)[0m
[0m2021.02.17 14:03:11 INFO  time: compiled root in 0.19s[0m
[0m2021.02.17 14:03:47 INFO  compiling root (1 scala source)[0m
[0m2021.02.17 14:03:47 INFO  time: compiled root in 0.22s[0m
[0m2021.02.17 14:05:45 INFO  compiling root (1 scala source)[0m
[0m2021.02.17 14:05:45 INFO  time: compiled root in 0.24s[0m
[0m2021.02.17 14:05:53 INFO  compiling root (1 scala source)[0m
[0m2021.02.17 14:05:53 INFO  time: compiled root in 0.85s[0m
[0m2021.02.17 14:07:22 INFO  compiling root (1 scala source)[0m
[0m2021.02.17 14:07:22 INFO  time: compiled root in 0.99s[0m
[0m2021.02.17 14:07:58 INFO  compiling root (1 scala source)[0m
[0m2021.02.17 14:07:58 INFO  time: compiled root in 0.85s[0m
[0m2021.02.17 14:26:43 INFO  shutting down Metals[0m
[0m2021.02.17 14:26:43 INFO  Shut down connection with build server.[0m
[0m2021.02.17 14:26:43 INFO  Shut down connection with build server.[0m
No more data in the client stdin, exiting...
[0m2021.02.17 14:26:43 INFO  Shut down connection with build server.[0m
No more data in the client stdin, exiting...
No more data in the client stdin, exiting...
