[0m2021.02.12 14:15:38 INFO  Started: Metals version 0.9.10 in workspace '/home/clair/project-2' for client vscode 1.53.2.[0m
[0m2021.02.12 14:15:39 INFO  time: initialize in 0.62s[0m
[0m2021.02.12 14:15:41 WARN  Build server is not auto-connectable.[0m
[0m2021.02.12 14:15:41 WARN  no build tool detected in workspace '/home/clair/project-2'. The most common cause for this problem is that the editor was opened in the wrong working directory, for example if you use sbt then the workspace directory should contain build.sbt. [0m
[0m2021.02.12 14:15:44 INFO  no build target: using presentation compiler with only scala-library[0m
[0m2021.02.12 14:15:47 WARN  no build target for: /home/clair/project-2/averagelikes/src/main/scala/example/Hello.scala[0m
[0m2021.02.12 14:16:42 WARN  no build target for: /home/clair/project-2/averagelikes/project/plugins.sbt[0m
[0m2021.02.12 14:17:38 WARN  no build target for: /home/clair/project-2/hashtagassociation/build.sbt[0m
Feb 12, 2021 2:17:46 PM org.eclipse.lsp4j.jsonrpc.RemoteEndpoint handleCancellation
WARNING: Unmatched cancel notification for request id 16
[0m2021.02.12 14:17:46 WARN  no build target for: /home/clair/project-2/averagelikes/build.sbt[0m
[0m2021.02.12 14:18:12 WARN  no build tool detected in workspace '/home/clair/project-2'. The most common cause for this problem is that the editor was opened in the wrong working directory, for example if you use sbt then the workspace directory should contain build.sbt. [0m
[0m2021.02.12 14:18:12 WARN  no build target for: /home/clair/project-2/averagelikes/build.sbt[0m
[0m2021.02.12 14:18:12 WARN  Unable to produce semanticdb for /home/clair/project-2/averagelikes/build.sbt[0m
[0m2021.02.12 14:19:22 WARN  no build target for: /home/clair/project-2/hashtagassociation/src/main/scala/com/revature/hashtagassociation/Runner.scala[0m
[0m2021.02.12 14:19:51 WARN  no build target for: /home/clair/project-2/averagelikes/src/main/scala/com/revature/averageLikes/Runner.scala[0m
Feb 12, 2021 2:20:03 PM org.eclipse.lsp4j.jsonrpc.RemoteEndpoint handleCancellation
WARNING: Unmatched cancel notification for request id 86
Feb 12, 2021 2:20:10 PM org.eclipse.lsp4j.jsonrpc.RemoteEndpoint handleCancellation
WARNING: Unmatched cancel notification for request id 98
[0m2021.02.12 14:20:18 WARN  no build target for: /home/clair/project-2/averagelikes/src/main/scala/com/revature/averageLikes/Runner.scala[0m
[0m2021.02.12 14:20:49 WARN  no build target for: /home/clair/project-2/averagelikes/src/main/scala/com/revature/averagelikes/Runner.scala[0m
Feb 12, 2021 2:20:49 PM org.eclipse.lsp4j.jsonrpc.RemoteEndpoint handleCancellation
WARNING: Unmatched cancel notification for request id 171
[0m2021.02.12 14:20:51 WARN  no build target for: /home/clair/project-2/averagelikes/src/main/scala/com/revature/averagelikes/Runner.scala[0m
[0m2021.02.12 14:24:17 WARN  no build target for: /home/clair/project-2/averagelikes/src/main/scala/com/revature/averagelikes/Runner.scala[0m
[0m2021.02.12 14:26:15 WARN  no build target for: /home/clair/project-2/averagelikes/src/main/scala/com/revature/averagelikes/Runner.scala[0m
[0m2021.02.12 14:26:21 WARN  no build target for: /home/clair/project-2/averagelikes/src/main/scala/com/revature/averagelikes/Runner.scala[0m
[0m2021.02.12 14:29:51 WARN  no build target for: /home/clair/project-2/averagelikes/src/main/scala/com/revature/averagelikes/Runner.scala[0m
[0m2021.02.12 14:30:33 WARN  no build target for: /home/clair/project-2/averagelikes/src/main/scala/com/revature/averagelikes/Runner.scala[0m
[0m2021.02.12 14:30:36 WARN  no build target for: /home/clair/project-2/averagelikes/src/main/scala/com/revature/averagelikes/Runner.scala[0m
[0m2021.02.12 14:30:48 WARN  no build target for: /home/clair/project-2/averagelikes/src/main/scala/com/revature/averagelikes/Runner.scala[0m
[0m2021.02.12 14:30:54 WARN  no build target for: /home/clair/project-2/averagelikes/src/main/scala/com/revature/averagelikes/Runner.scala[0m
[0m2021.02.12 14:34:09 WARN  no build target for: /home/clair/project-2/averagelikes/src/main/scala/com/revature/averagelikes/Runner.scala[0m
[0m2021.02.12 14:36:51 WARN  no build target for: /home/clair/project-2/averagelikes/src/main/scala/com/revature/averagelikes/Runner.scala[0m
[0m2021.02.12 14:37:32 INFO  shutting down Metals[0m
[0m2021.02.12 14:51:59 INFO  Started: Metals version 0.9.10 in workspace '/home/clair/project-2' for client vscode 1.53.2.[0m
[0m2021.02.12 14:52:00 INFO  time: initialize in 0.61s[0m
[0m2021.02.12 14:52:01 WARN  Build server is not auto-connectable.[0m
[0m2021.02.12 14:52:01 WARN  no build tool detected in workspace '/home/clair/project-2'. The most common cause for this problem is that the editor was opened in the wrong working directory, for example if you use sbt then the workspace directory should contain build.sbt. [0m
[0m2021.02.12 14:52:03 INFO  no build target: using presentation compiler with only scala-library[0m
[0m2021.02.12 14:52:07 WARN  no build target for: /home/clair/project-2/averagelikes/src/main/scala/com/revature/averagelikes/Runner.scala[0m
[0m2021.02.12 15:08:04 WARN  no build target for: /home/clair/project-2/averagelikes/src/main/scala/com/revature/averagelikes/Runner.scala[0m
[0m2021.02.12 15:08:35 INFO  shutting down Metals[0m
